Using pre-set license
Built from '2022.3/release' branch; Version is '2022.3.20f1 (61c2feb0970d) revision 6406910'; Using compiler version '192829333'; Build Type 'Release'
OS: 'Windows 10  (10.0.19045) 64bit Professional' Language: 'de' Physical Memory: 32694 MB
BatchMode: 1, IsHumanControllingUs: 0, StartBugReporterOnCrash: 0, Is64bit: 1, IsPro: 1

COMMAND LINE ARGUMENTS:
C:\Program Files\Unity\Hub\Editor\2022.3.20f1\Editor\Unity.exe
-adb2
-batchMode
-noUpm
-name
AssetImportWorker13
-projectPath
C:/Users/pi-j/Documents/Jan-Phillipp/Projekte/Unity/Write-or-Die
-logFile
Logs/AssetImportWorker13.log
-srvPort
50024
Successfully changed project path to: C:/Users/pi-j/Documents/Jan-Phillipp/Projekte/Unity/Write-or-Die
C:/Users/pi-j/Documents/Jan-Phillipp/Projekte/Unity/Write-or-Die
[UnityMemory] Configuration Parameters - Can be set up in boot.config
    "memorysetup-bucket-allocator-granularity=16"
    "memorysetup-bucket-allocator-bucket-count=8"
    "memorysetup-bucket-allocator-block-size=33554432"
    "memorysetup-bucket-allocator-block-count=8"
    "memorysetup-main-allocator-block-size=16777216"
    "memorysetup-thread-allocator-block-size=16777216"
    "memorysetup-gfx-main-allocator-block-size=16777216"
    "memorysetup-gfx-thread-allocator-block-size=16777216"
    "memorysetup-cache-allocator-block-size=4194304"
    "memorysetup-typetree-allocator-block-size=2097152"
    "memorysetup-profiler-bucket-allocator-granularity=16"
    "memorysetup-profiler-bucket-allocator-bucket-count=8"
    "memorysetup-profiler-bucket-allocator-block-size=33554432"
    "memorysetup-profiler-bucket-allocator-block-count=8"
    "memorysetup-profiler-allocator-block-size=16777216"
    "memorysetup-profiler-editor-allocator-block-size=1048576"
    "memorysetup-temp-allocator-size-main=16777216"
    "memorysetup-job-temp-allocator-block-size=2097152"
    "memorysetup-job-temp-allocator-block-size-background=1048576"
    "memorysetup-job-temp-allocator-reduction-small-platforms=262144"
    "memorysetup-allocator-temp-initial-block-size-main=262144"
    "memorysetup-allocator-temp-initial-block-size-worker=262144"
    "memorysetup-temp-allocator-size-background-worker=32768"
    "memorysetup-temp-allocator-size-job-worker=262144"
    "memorysetup-temp-allocator-size-preload-manager=33554432"
    "memorysetup-temp-allocator-size-nav-mesh-worker=65536"
    "memorysetup-temp-allocator-size-audio-worker=65536"
    "memorysetup-temp-allocator-size-cloud-worker=32768"
    "memorysetup-temp-allocator-size-gi-baking-worker=262144"
    "memorysetup-temp-allocator-size-gfx=262144"
Player connection [53156] Host "[IP] 192.168.178.113 [Port] 0 [Flags] 2 [Guid] 1027489622 [EditorId] 1027489622 [Version] 1048832 [Id] WindowsEditor(7,Orduns-PC) [Debug] 1 [PackageName] WindowsEditor [ProjectName] Editor" joined multi-casting on [225.0.0.222:54997]...

Player connection [53156] Host "[IP] 192.168.178.113 [Port] 0 [Flags] 2 [Guid] 1027489622 [EditorId] 1027489622 [Version] 1048832 [Id] WindowsEditor(7,Orduns-PC) [Debug] 1 [PackageName] WindowsEditor [ProjectName] Editor" joined alternative multi-casting on [225.0.0.222:34997]...

[Physics::Module] Initialized MultithreadedJobDispatcher with 11 workers.
Refreshing native plugins compatible for Editor in 13.03 ms, found 4 plugins.
Preloading 0 native plugins for Editor in 0.00 ms.
Initialize engine version: 2022.3.20f1 (61c2feb0970d)
[Subsystems] Discovering subsystems at path C:/Program Files/Unity/Hub/Editor/2022.3.20f1/Editor/Data/Resources/UnitySubsystems
[Subsystems] Discovering subsystems at path C:/Users/pi-j/Documents/Jan-Phillipp/Projekte/Unity/Write-or-Die/Assets
GfxDevice: creating device client; threaded=0; jobified=0
Direct3D:
    Version:  Direct3D 11.0 [level 11.1]
    Renderer: NVIDIA GeForce RTX 3080 Ti (ID=0x2208)
    Vendor:   NVIDIA
    VRAM:     12086 MB
    Driver:   31.0.15.5161
Initialize mono
Mono path[0] = 'C:/Program Files/Unity/Hub/Editor/2022.3.20f1/Editor/Data/Managed'
Mono path[1] = 'C:/Program Files/Unity/Hub/Editor/2022.3.20f1/Editor/Data/MonoBleedingEdge/lib/mono/unityjit-win32'
Mono config path = 'C:/Program Files/Unity/Hub/Editor/2022.3.20f1/Editor/Data/MonoBleedingEdge/etc'
Using monoOptions --debugger-agent=transport=dt_socket,embedding=1,server=y,suspend=n,address=127.0.0.1:56416
Begin MonoManager ReloadAssembly
Registering precompiled unity dll's ...
Register platform support module: C:/Program Files/Unity/Hub/Editor/2022.3.20f1/Editor/Data/PlaybackEngines/WebGLSupport/UnityEditor.WebGL.Extensions.dll
Register platform support module: C:/Program Files/Unity/Hub/Editor/2022.3.20f1/Editor/Data/PlaybackEngines/WindowsStandaloneSupport/UnityEditor.WindowsStandalone.Extensions.dll
Registered in 0.011084 seconds.
- Loaded All Assemblies, in  0.278 seconds
Native extension for WindowsStandalone target not found
Native extension for WebGL target not found
Mono: successfully reloaded assembly
- Finished resetting the current domain, in  0.205 seconds
Domain Reload Profiling: 481ms
	BeginReloadAssembly (89ms)
		ExecutionOrderSort (0ms)
		DisableScriptedObjects (0ms)
		BackupInstance (0ms)
		ReleaseScriptingObjects (0ms)
		CreateAndSetChildDomain (1ms)
	RebuildCommonClasses (25ms)
	RebuildNativeTypeToScriptingClass (7ms)
	initialDomainReloadingComplete (52ms)
	LoadAllAssembliesAndSetupDomain (103ms)
		LoadAssemblies (87ms)
		RebuildTransferFunctionScriptingTraits (0ms)
		AnalyzeDomain (102ms)
			TypeCache.Refresh (100ms)
				TypeCache.ScanAssembly (91ms)
			ScanForSourceGeneratedMonoScriptInfo (0ms)
			ResolveRequiredComponents (0ms)
	FinalizeReload (205ms)
		ReleaseScriptCaches (0ms)
		RebuildScriptCaches (0ms)
		SetupLoadedEditorAssemblies (163ms)
			LogAssemblyErrors (0ms)
			InitializePlatformSupportModulesInManaged (10ms)
			SetLoadedEditorAssemblies (4ms)
			RefreshPlugins (0ms)
			BeforeProcessingInitializeOnLoad (2ms)
			ProcessInitializeOnLoadAttributes (113ms)
			ProcessInitializeOnLoadMethodAttributes (34ms)
			AfterProcessingInitializeOnLoad (0ms)
			EditorAssembliesLoaded (0ms)
		ExecutionOrderSort2 (0ms)
		AwakeInstancesAfterBackupRestoration (0ms)
========================================================================
Worker process is ready to serve import requests
Begin MonoManager ReloadAssembly
- Loaded All Assemblies, in  0.519 seconds
Refreshing native plugins compatible for Editor in 5.51 ms, found 4 plugins.
Native extension for WindowsStandalone target not found
Native extension for WebGL target not found
Package Manager log level set to [2]
[Package Manager] Server::EnsureServerProcessIsRunning -- launch failed, reason: Unity was launched with the -noUpm command-line argument
[Package Manager] UpmClient::Send -- Unable to send message (not connected to UPM process).
[Package Manager] Cannot connect to Unity Package Manager local server
Mono: successfully reloaded assembly
- Finished resetting the current domain, in  0.468 seconds
Domain Reload Profiling: 983ms
	BeginReloadAssembly (125ms)
		ExecutionOrderSort (0ms)
		DisableScriptedObjects (5ms)
		BackupInstance (0ms)
		ReleaseScriptingObjects (0ms)
		CreateAndSetChildDomain (16ms)
	RebuildCommonClasses (26ms)
	RebuildNativeTypeToScriptingClass (8ms)
	initialDomainReloadingComplete (36ms)
	LoadAllAssembliesAndSetupDomain (320ms)
		LoadAssemblies (261ms)
		RebuildTransferFunctionScriptingTraits (0ms)
		AnalyzeDomain (131ms)
			TypeCache.Refresh (111ms)
				TypeCache.ScanAssembly (98ms)
			ScanForSourceGeneratedMonoScriptInfo (15ms)
			ResolveRequiredComponents (3ms)
	FinalizeReload (468ms)
		ReleaseScriptCaches (0ms)
		RebuildScriptCaches (0ms)
		SetupLoadedEditorAssemblies (361ms)
			LogAssemblyErrors (0ms)
			InitializePlatformSupportModulesInManaged (7ms)
			SetLoadedEditorAssemblies (2ms)
			RefreshPlugins (0ms)
			BeforeProcessingInitializeOnLoad (62ms)
			ProcessInitializeOnLoadAttributes (256ms)
			ProcessInitializeOnLoadMethodAttributes (26ms)
			AfterProcessingInitializeOnLoad (8ms)
			EditorAssembliesLoaded (0ms)
		ExecutionOrderSort2 (0ms)
		AwakeInstancesAfterBackupRestoration (5ms)
Launched and connected shader compiler UnityShaderCompiler.exe after 0.04 seconds
Refreshing native plugins compatible for Editor in 4.72 ms, found 4 plugins.
Preloading 0 native plugins for Editor in 0.00 ms.
Unloading 4034 Unused Serialized files (Serialized files now loaded: 0)
Unloading 64 unused Assets / (61.1 KB). Loaded Objects now: 4498.
Memory consumption went from 145.2 MB to 145.2 MB.
Total: 2.744200 ms (FindLiveObjects: 0.219200 ms CreateObjectMapping: 0.147600 ms MarkObjects: 2.275800 ms  DeleteObjects: 0.101000 ms)

AssetImportParameters requested are different than current active one (requested -> active):
  custom:container-demuxer-ogg: 62fdf1f143b41e24485cea50d1cbac27 -> 
  custom:video-decoder-ogg-theora: a1e56fd34408186e4bbccfd4996cb3dc -> 
  custom:framework-win-MediaFoundation: 216162199b28c13a410421893ffa2e32 -> 
  custom:CustomObjectIndexerAttribute: 6d391050e5a25f67b0a2c618074f2cd9 -> 
  custom:container-demuxer-webm: 4f35f7cbe854078d1ac9338744f61a02 -> 
  custom:container-muxer-webm: aa71ff27fc2769a1b78a27578f13a17b -> 
  custom:video-decoder-webm-vp8: 9c59270c3fd7afecdb556c50c9e8de78 -> 
  custom:SearchIndexIgnoredProperties: e643bd26f0fe6173181afceb89e7c659 -> 
  custom:AudioImporter_EditorPlatform: d09bf68614088b80899f8185d706f6e7 -> 
  custom:scripting/monoscript/fileName/UtilsScript.cs: a2e65d2110546c06351ddc7881ac35fc -> 6fee3e9de0cd8f34c14477cf9720812c
  custom:video-encoder-webm-vp8: eb34c28f22e8b96e1ab97ce403110664 -> 
  custom:audio-decoder-ogg-vorbis: bf7c407c2cedff20999df2af8eb42d56 -> 
  custom:audio-encoder-webm-vorbis: bf7c407c2cedff20999df2af8eb42d56 -> 
========================================================================
Received Import Request.
  Time since last request: 986177.385506 seconds.
  path: Assets/Sprites/1. Free Hologram Interface Wenrexa/Icons/03.png
  artifactKey: Guid(700c854283ac1a042940c3a7c17968dc) Importer(815301076,1909f56bfc062723c751e8b465ee728b)
Start importing Assets/Sprites/1. Free Hologram Interface Wenrexa/Icons/03.png using Guid(700c854283ac1a042940c3a7c17968dc) Importer(815301076,1909f56bfc062723c751e8b465ee728b)  -> (artifact id: '9584cb2dfebd9611b339c2defbcfb88a') in 0.078690 seconds
Number of updated asset objects reloaded before import = 0
Number of asset objects unloaded after import = 3
========================================================================
Received Import Request.
  Time since last request: 0.000014 seconds.
  path: Assets/Sprites/1. Free Hologram Interface Wenrexa/Icons/35.png
  artifactKey: Guid(d84fa82487dedd244a9bb4462d268940) Importer(815301076,1909f56bfc062723c751e8b465ee728b)
Start importing Assets/Sprites/1. Free Hologram Interface Wenrexa/Icons/35.png using Guid(d84fa82487dedd244a9bb4462d268940) Importer(815301076,1909f56bfc062723c751e8b465ee728b)  -> (artifact id: '2981e8b69073721925154dfe27f43de9') in 0.018670 seconds
Number of updated asset objects reloaded before import = 0
Number of asset objects unloaded after import = 3
========================================================================
Received Import Request.
  Time since last request: 0.000016 seconds.
  path: Assets/Sprites/1. Free Hologram Interface Wenrexa/Icons/16.png
  artifactKey: Guid(7d469c6e9d2a52f41a50367a3a0abcc1) Importer(815301076,1909f56bfc062723c751e8b465ee728b)
Start importing Assets/Sprites/1. Free Hologram Interface Wenrexa/Icons/16.png using Guid(7d469c6e9d2a52f41a50367a3a0abcc1) Importer(815301076,1909f56bfc062723c751e8b465ee728b)  -> (artifact id: '8c9b0e441d2de3a3c68b357507e84ecd') in 0.016733 seconds
Number of updated asset objects reloaded before import = 0
Number of asset objects unloaded after import = 3
========================================================================
Received Import Request.
  Time since last request: 0.000011 seconds.
  path: Assets/Sprites/1. Free Hologram Interface Wenrexa/Icons/26.png
  artifactKey: Guid(22dc7da19f00b1044bbfe4a57e9e243b) Importer(815301076,1909f56bfc062723c751e8b465ee728b)
Start importing Assets/Sprites/1. Free Hologram Interface Wenrexa/Icons/26.png using Guid(22dc7da19f00b1044bbfe4a57e9e243b) Importer(815301076,1909f56bfc062723c751e8b465ee728b)  -> (artifact id: '0ff8ba3a4c980616b5ed7fb3c89484ab') in 0.018057 seconds
Number of updated asset objects reloaded before import = 0
Number of asset objects unloaded after import = 3
========================================================================
Received Import Request.
  Time since last request: 0.000011 seconds.
  path: Assets/Sprites/1. Free Hologram Interface Wenrexa/Icons/06.png
  artifactKey: Guid(ab3d1b2e0c25e504e9879dede0b4a267) Importer(815301076,1909f56bfc062723c751e8b465ee728b)
Start importing Assets/Sprites/1. Free Hologram Interface Wenrexa/Icons/06.png using Guid(ab3d1b2e0c25e504e9879dede0b4a267) Importer(815301076,1909f56bfc062723c751e8b465ee728b)  -> (artifact id: '1702ff3752bad974379070cd6a890c06') in 0.019784 seconds
Number of updated asset objects reloaded before import = 0
Number of asset objects unloaded after import = 3
========================================================================
Received Import Request.
  Time since last request: 0.000011 seconds.
  path: Assets/Sprites/1. Free Hologram Interface Wenrexa/Icons/29.png
  artifactKey: Guid(b93f7e14a78ebee49bee2902d35e8327) Importer(815301076,1909f56bfc062723c751e8b465ee728b)
Start importing Assets/Sprites/1. Free Hologram Interface Wenrexa/Icons/29.png using Guid(b93f7e14a78ebee49bee2902d35e8327) Importer(815301076,1909f56bfc062723c751e8b465ee728b)  -> (artifact id: '60df18b99e731763614bec7698464cb2') in 0.018173 seconds
Number of updated asset objects reloaded before import = 0
Number of asset objects unloaded after import = 3
========================================================================
Received Import Request.
  Time since last request: 0.000011 seconds.
  path: Assets/Sprites/1. Free Hologram Interface Wenrexa/Icons/18.png
  artifactKey: Guid(430979af8bcc59a46a1fc00ac514e36c) Importer(815301076,1909f56bfc062723c751e8b465ee728b)
Start importing Assets/Sprites/1. Free Hologram Interface Wenrexa/Icons/18.png using Guid(430979af8bcc59a46a1fc00ac514e36c) Importer(815301076,1909f56bfc062723c751e8b465ee728b)  -> (artifact id: '86a8e488a68561f839095d84759543ba') in 0.018459 seconds
Number of updated asset objects reloaded before import = 0
Number of asset objects unloaded after import = 3
========================================================================
Received Import Request.
  Time since last request: 0.000011 seconds.
  path: Assets/Sprites/1. Free Hologram Interface Wenrexa/Icons/25.png
  artifactKey: Guid(14a446897844bf64cbc6ce823e14d734) Importer(815301076,1909f56bfc062723c751e8b465ee728b)
Start importing Assets/Sprites/1. Free Hologram Interface Wenrexa/Icons/25.png using Guid(14a446897844bf64cbc6ce823e14d734) Importer(815301076,1909f56bfc062723c751e8b465ee728b)  -> (artifact id: 'b168087378311c76ecfb65500164e3d1') in 0.018602 seconds
Number of updated asset objects reloaded before import = 0
Number of asset objects unloaded after import = 3
========================================================================
Received Import Request.
  Time since last request: 0.000011 seconds.
  path: Assets/Sprites/1. Free Hologram Interface Wenrexa/Icons/07.png
  artifactKey: Guid(7b11ae375ecc5494bae457cc5f656d46) Importer(815301076,1909f56bfc062723c751e8b465ee728b)
Start importing Assets/Sprites/1. Free Hologram Interface Wenrexa/Icons/07.png using Guid(7b11ae375ecc5494bae457cc5f656d46) Importer(815301076,1909f56bfc062723c751e8b465ee728b)  -> (artifact id: 'f05dd771b06e0f4ef4949af2fd0ad3eb') in 0.017482 seconds
Number of updated asset objects reloaded before import = 0
Number of asset objects unloaded after import = 3
========================================================================
Received Import Request.
  Time since last request: 0.000014 seconds.
  path: Assets/Sprites/1. Free Hologram Interface Wenrexa/Icons/22.png
  artifactKey: Guid(8a967ee389eedd041a571bd9e6f4f82a) Importer(815301076,1909f56bfc062723c751e8b465ee728b)
Start importing Assets/Sprites/1. Free Hologram Interface Wenrexa/Icons/22.png using Guid(8a967ee389eedd041a571bd9e6f4f82a) Importer(815301076,1909f56bfc062723c751e8b465ee728b)  -> (artifact id: 'b1624d33878b0a6aa6274ee31c8b417b') in 0.018209 seconds
Number of updated asset objects reloaded before import = 0
Number of asset objects unloaded after import = 3
========================================================================
Received Import Request.
  Time since last request: 133.433670 seconds.
  path: Assets/Sprites/Foozle_2DS0011_Void_MainShip/Main Ship/Main Ship - Bases/Aseprite/Main Ship - Base - Full health.aseprite
  artifactKey: Guid(5ebf878032bc85e49871931481c4964e) Importer(815301076,1909f56bfc062723c751e8b465ee728b)
Start importing Assets/Sprites/Foozle_2DS0011_Void_MainShip/Main Ship/Main Ship - Bases/Aseprite/Main Ship - Base - Full health.aseprite using Guid(5ebf878032bc85e49871931481c4964e) Importer(815301076,1909f56bfc062723c751e8b465ee728b)  -> (artifact id: 'cf167c04758bcfcd975d148936db1fb8') in 0.041134 seconds
Number of updated asset objects reloaded before import = 0
Number of asset objects unloaded after import = 7
========================================================================
Received Import Request.
  Time since last request: 24.530069 seconds.
  path: Assets/Sprites/Foozle_2DS0011_Void_MainShip/Main Ship/Main Ship - Bases/PNGs/Main Ship - Base - Full health.png
  artifactKey: Guid(a8d16ba1ad2cb1b4abf9e445a94a3fe6) Importer(815301076,1909f56bfc062723c751e8b465ee728b)
Start importing Assets/Sprites/Foozle_2DS0011_Void_MainShip/Main Ship/Main Ship - Bases/PNGs/Main Ship - Base - Full health.png using Guid(a8d16ba1ad2cb1b4abf9e445a94a3fe6) Importer(815301076,1909f56bfc062723c751e8b465ee728b)  -> (artifact id: 'd5f64db136516122831a8d28104d5d26') in 0.030352 seconds
Number of updated asset objects reloaded before import = 0
Number of asset objects unloaded after import = 3
========================================================================
Received Import Request.
  Time since last request: 0.000011 seconds.
  path: Assets/Sprites/Foozle_2DS0011_Void_MainShip/Main Ship/Main Ship - Bases/PNGs/Main Ship - Base - Very damaged.png
  artifactKey: Guid(edfc39a91f8238a43bba97347d227dc0) Importer(815301076,1909f56bfc062723c751e8b465ee728b)
Start importing Assets/Sprites/Foozle_2DS0011_Void_MainShip/Main Ship/Main Ship - Bases/PNGs/Main Ship - Base - Very damaged.png using Guid(edfc39a91f8238a43bba97347d227dc0) Importer(815301076,1909f56bfc062723c751e8b465ee728b)  -> (artifact id: 'b2e21b1409f793d0bd28f0ab15f76a60') in 0.037791 seconds
Number of updated asset objects reloaded before import = 0
Number of asset objects unloaded after import = 3
========================================================================
Received Import Request.
  Time since last request: 7.625214 seconds.
  path: Assets/Sprites/Foozle_2DS0011_Void_MainShip/Main Ship/Main Ship - Engine Effects/Aseprite/Main Ship - Engines - Base Engine - Powering.aseprite
  artifactKey: Guid(c4a700396832be745850d41eb3c83500) Importer(815301076,1909f56bfc062723c751e8b465ee728b)
Start importing Assets/Sprites/Foozle_2DS0011_Void_MainShip/Main Ship/Main Ship - Engine Effects/Aseprite/Main Ship - Engines - Base Engine - Powering.aseprite using Guid(c4a700396832be745850d41eb3c83500) Importer(815301076,1909f56bfc062723c751e8b465ee728b)  -> (artifact id: '4faa44d1c4780ef68dec3dcde170d688') in 0.024169 seconds
Number of updated asset objects reloaded before import = 0
Number of asset objects unloaded after import = 15
========================================================================
Received Import Request.
  Time since last request: 0.000013 seconds.
  path: Assets/Sprites/Foozle_2DS0011_Void_MainShip/Main Ship/Main Ship - Engine Effects/Aseprite/Main Ship - Engines - Big Pulse Engine - Powering.aseprite
  artifactKey: Guid(724191dac53d32f4b967b03169fdf8a2) Importer(815301076,1909f56bfc062723c751e8b465ee728b)
Start importing Assets/Sprites/Foozle_2DS0011_Void_MainShip/Main Ship/Main Ship - Engine Effects/Aseprite/Main Ship - Engines - Big Pulse Engine - Powering.aseprite using Guid(724191dac53d32f4b967b03169fdf8a2) Importer(815301076,1909f56bfc062723c751e8b465ee728b)  -> (artifact id: 'c3b5cfb39f7389e8badfbbd1380e41bc') in 0.019142 seconds
Number of updated asset objects reloaded before import = 0
Number of asset objects unloaded after import = 15
========================================================================
Received Import Request.
  Time since last request: 0.000013 seconds.
  path: Assets/Sprites/Foozle_2DS0011_Void_MainShip/Main Ship/Main Ship - Engine Effects/Aseprite/Main Ship - Engines - Big Pulse Engine - Spritesheet.aseprite
  artifactKey: Guid(9ccd4ff401fcb8d4c8078221ffe22175) Importer(815301076,1909f56bfc062723c751e8b465ee728b)
Start importing Assets/Sprites/Foozle_2DS0011_Void_MainShip/Main Ship/Main Ship - Engine Effects/Aseprite/Main Ship - Engines - Big Pulse Engine - Spritesheet.aseprite using Guid(9ccd4ff401fcb8d4c8078221ffe22175) Importer(815301076,1909f56bfc062723c751e8b465ee728b)  -> (artifact id: 'b420d4b7c603dd0312f5be0a532e1044') in 0.015610 seconds
Number of updated asset objects reloaded before import = 0
Number of asset objects unloaded after import = 7
========================================================================
Received Import Request.
  Time since last request: 0.000017 seconds.
  path: Assets/Sprites/Foozle_2DS0011_Void_MainShip/Main Ship/Main Ship - Engine Effects/Aseprite/Main Ship - Engines - Burst Engine - Idle.aseprite
  artifactKey: Guid(756502ad7b739924d91dfe09d9784309) Importer(815301076,1909f56bfc062723c751e8b465ee728b)
Start importing Assets/Sprites/Foozle_2DS0011_Void_MainShip/Main Ship/Main Ship - Engine Effects/Aseprite/Main Ship - Engines - Burst Engine - Idle.aseprite using Guid(756502ad7b739924d91dfe09d9784309) Importer(815301076,1909f56bfc062723c751e8b465ee728b)  -> (artifact id: '5b352361e4d806917d008d0d7249d0ad') in 0.022032 seconds
Number of updated asset objects reloaded before import = 0
Number of asset objects unloaded after import = 18
========================================================================
Received Import Request.
  Time since last request: 0.000013 seconds.
  path: Assets/Sprites/Foozle_2DS0011_Void_MainShip/Main Ship/Main Ship - Engine Effects/Aseprite/Main Ship - Engines - Burst Engine - Powering.aseprite
  artifactKey: Guid(da14a6ee5dd978446bcd1f59eccb384f) Importer(815301076,1909f56bfc062723c751e8b465ee728b)
Start importing Assets/Sprites/Foozle_2DS0011_Void_MainShip/Main Ship/Main Ship - Engine Effects/Aseprite/Main Ship - Engines - Burst Engine - Powering.aseprite using Guid(da14a6ee5dd978446bcd1f59eccb384f) Importer(815301076,1909f56bfc062723c751e8b465ee728b)  -> (artifact id: 'a0b66f5ff907013128ae3c4ee64ad8d6') in 0.020369 seconds
Number of updated asset objects reloaded before import = 0
Number of asset objects unloaded after import = 17
Editor requested this worker to shutdown with reason: Scaling down because of idle timeout
TcpMessagingSession - receive error: operation aborted. errorcode: 995, details: Der E/A-Vorgang wurde wegen eines Threadendes oder einer Anwendungsanforderung abgebrochen.
AssetImportWorker is now disconnected from the server
Process exiting
Exiting without the bug reporter. Application will terminate with return code 0