Using pre-set license
Built from '2022.3/release' branch; Version is '2022.3.20f1 (61c2feb0970d) revision 6406910'; Using compiler version '192829333'; Build Type 'Release'
OS: 'Windows 10  (10.0.19045) 64bit Professional' Language: 'de' Physical Memory: 32694 MB
BatchMode: 1, IsHumanControllingUs: 0, StartBugReporterOnCrash: 0, Is64bit: 1, IsPro: 1

COMMAND LINE ARGUMENTS:
C:\Program Files\Unity\Hub\Editor\2022.3.20f1\Editor\Unity.exe
-adb2
-batchMode
-noUpm
-name
AssetImportWorker4
-projectPath
C:/Users/pi-j/Documents/Jan-Phillipp/Projekte/Unity/Write-or-Die
-logFile
Logs/AssetImportWorker4.log
-srvPort
64446
Successfully changed project path to: C:/Users/pi-j/Documents/Jan-Phillipp/Projekte/Unity/Write-or-Die
C:/Users/pi-j/Documents/Jan-Phillipp/Projekte/Unity/Write-or-Die
[UnityMemory] Configuration Parameters - Can be set up in boot.config
    "memorysetup-bucket-allocator-granularity=16"
    "memorysetup-bucket-allocator-bucket-count=8"
    "memorysetup-bucket-allocator-block-size=33554432"
    "memorysetup-bucket-allocator-block-count=8"
    "memorysetup-main-allocator-block-size=16777216"
    "memorysetup-thread-allocator-block-size=16777216"
    "memorysetup-gfx-main-allocator-block-size=16777216"
    "memorysetup-gfx-thread-allocator-block-size=16777216"
    "memorysetup-cache-allocator-block-size=4194304"
    "memorysetup-typetree-allocator-block-size=2097152"
    "memorysetup-profiler-bucket-allocator-granularity=16"
    "memorysetup-profiler-bucket-allocator-bucket-count=8"
    "memorysetup-profiler-bucket-allocator-block-size=33554432"
    "memorysetup-profiler-bucket-allocator-block-count=8"
    "memorysetup-profiler-allocator-block-size=16777216"
    "memorysetup-profiler-editor-allocator-block-size=1048576"
    "memorysetup-temp-allocator-size-main=16777216"
    "memorysetup-job-temp-allocator-block-size=2097152"
    "memorysetup-job-temp-allocator-block-size-background=1048576"
    "memorysetup-job-temp-allocator-reduction-small-platforms=262144"
    "memorysetup-allocator-temp-initial-block-size-main=262144"
    "memorysetup-allocator-temp-initial-block-size-worker=262144"
    "memorysetup-temp-allocator-size-background-worker=32768"
    "memorysetup-temp-allocator-size-job-worker=262144"
    "memorysetup-temp-allocator-size-preload-manager=33554432"
    "memorysetup-temp-allocator-size-nav-mesh-worker=65536"
    "memorysetup-temp-allocator-size-audio-worker=65536"
    "memorysetup-temp-allocator-size-cloud-worker=32768"
    "memorysetup-temp-allocator-size-gi-baking-worker=262144"
    "memorysetup-temp-allocator-size-gfx=262144"
Player connection [33924] Host "[IP] 192.168.178.113 [Port] 0 [Flags] 2 [Guid] 222654250 [EditorId] 222654250 [Version] 1048832 [Id] WindowsEditor(7,Orduns-PC) [Debug] 1 [PackageName] WindowsEditor [ProjectName] Editor" joined multi-casting on [225.0.0.222:54997]...

Player connection [33924] Host "[IP] 192.168.178.113 [Port] 0 [Flags] 2 [Guid] 222654250 [EditorId] 222654250 [Version] 1048832 [Id] WindowsEditor(7,Orduns-PC) [Debug] 1 [PackageName] WindowsEditor [ProjectName] Editor" joined alternative multi-casting on [225.0.0.222:34997]...

[Physics::Module] Initialized MultithreadedJobDispatcher with 11 workers.
Refreshing native plugins compatible for Editor in 13.92 ms, found 4 plugins.
Preloading 0 native plugins for Editor in 0.00 ms.
Initialize engine version: 2022.3.20f1 (61c2feb0970d)
[Subsystems] Discovering subsystems at path C:/Program Files/Unity/Hub/Editor/2022.3.20f1/Editor/Data/Resources/UnitySubsystems
[Subsystems] Discovering subsystems at path C:/Users/pi-j/Documents/Jan-Phillipp/Projekte/Unity/Write-or-Die/Assets
GfxDevice: creating device client; threaded=0; jobified=0
Direct3D:
    Version:  Direct3D 11.0 [level 11.1]
    Renderer: NVIDIA GeForce RTX 3080 Ti (ID=0x2208)
    Vendor:   NVIDIA
    VRAM:     12086 MB
    Driver:   31.0.15.5161
Initialize mono
Mono path[0] = 'C:/Program Files/Unity/Hub/Editor/2022.3.20f1/Editor/Data/Managed'
Mono path[1] = 'C:/Program Files/Unity/Hub/Editor/2022.3.20f1/Editor/Data/MonoBleedingEdge/lib/mono/unityjit-win32'
Mono config path = 'C:/Program Files/Unity/Hub/Editor/2022.3.20f1/Editor/Data/MonoBleedingEdge/etc'
Using monoOptions --debugger-agent=transport=dt_socket,embedding=1,server=y,suspend=n,address=127.0.0.1:56572
Begin MonoManager ReloadAssembly
Registering precompiled unity dll's ...
Register platform support module: C:/Program Files/Unity/Hub/Editor/2022.3.20f1/Editor/Data/PlaybackEngines/WebGLSupport/UnityEditor.WebGL.Extensions.dll
Register platform support module: C:/Program Files/Unity/Hub/Editor/2022.3.20f1/Editor/Data/PlaybackEngines/WindowsStandaloneSupport/UnityEditor.WindowsStandalone.Extensions.dll
Registered in 0.010161 seconds.
- Loaded All Assemblies, in  0.256 seconds
Native extension for WindowsStandalone target not found
Native extension for WebGL target not found
Mono: successfully reloaded assembly
- Finished resetting the current domain, in  0.198 seconds
Domain Reload Profiling: 452ms
	BeginReloadAssembly (81ms)
		ExecutionOrderSort (0ms)
		DisableScriptedObjects (0ms)
		BackupInstance (0ms)
		ReleaseScriptingObjects (0ms)
		CreateAndSetChildDomain (1ms)
	RebuildCommonClasses (24ms)
	RebuildNativeTypeToScriptingClass (7ms)
	initialDomainReloadingComplete (49ms)
	LoadAllAssembliesAndSetupDomain (93ms)
		LoadAssemblies (79ms)
		RebuildTransferFunctionScriptingTraits (0ms)
		AnalyzeDomain (92ms)
			TypeCache.Refresh (91ms)
				TypeCache.ScanAssembly (82ms)
			ScanForSourceGeneratedMonoScriptInfo (0ms)
			ResolveRequiredComponents (0ms)
	FinalizeReload (198ms)
		ReleaseScriptCaches (0ms)
		RebuildScriptCaches (0ms)
		SetupLoadedEditorAssemblies (156ms)
			LogAssemblyErrors (0ms)
			InitializePlatformSupportModulesInManaged (9ms)
			SetLoadedEditorAssemblies (4ms)
			RefreshPlugins (0ms)
			BeforeProcessingInitializeOnLoad (2ms)
			ProcessInitializeOnLoadAttributes (108ms)
			ProcessInitializeOnLoadMethodAttributes (34ms)
			AfterProcessingInitializeOnLoad (0ms)
			EditorAssembliesLoaded (0ms)
		ExecutionOrderSort2 (0ms)
		AwakeInstancesAfterBackupRestoration (0ms)
========================================================================
Worker process is ready to serve import requests
Begin MonoManager ReloadAssembly
- Loaded All Assemblies, in  0.494 seconds
Refreshing native plugins compatible for Editor in 5.17 ms, found 4 plugins.
Native extension for WindowsStandalone target not found
Native extension for WebGL target not found
Package Manager log level set to [2]
[Package Manager] Server::EnsureServerProcessIsRunning -- launch failed, reason: Unity was launched with the -noUpm command-line argument
[Package Manager] UpmClient::Send -- Unable to send message (not connected to UPM process).
[Package Manager] Cannot connect to Unity Package Manager local server
Mono: successfully reloaded assembly
- Finished resetting the current domain, in  0.518 seconds
Domain Reload Profiling: 1008ms
	BeginReloadAssembly (113ms)
		ExecutionOrderSort (0ms)
		DisableScriptedObjects (4ms)
		BackupInstance (0ms)
		ReleaseScriptingObjects (0ms)
		CreateAndSetChildDomain (16ms)
	RebuildCommonClasses (24ms)
	RebuildNativeTypeToScriptingClass (7ms)
	initialDomainReloadingComplete (41ms)
	LoadAllAssembliesAndSetupDomain (304ms)
		LoadAssemblies (249ms)
		RebuildTransferFunctionScriptingTraits (0ms)
		AnalyzeDomain (122ms)
			TypeCache.Refresh (99ms)
				TypeCache.ScanAssembly (88ms)
			ScanForSourceGeneratedMonoScriptInfo (18ms)
			ResolveRequiredComponents (3ms)
	FinalizeReload (518ms)
		ReleaseScriptCaches (0ms)
		RebuildScriptCaches (0ms)
		SetupLoadedEditorAssemblies (408ms)
			LogAssemblyErrors (0ms)
			InitializePlatformSupportModulesInManaged (7ms)
			SetLoadedEditorAssemblies (2ms)
			RefreshPlugins (0ms)
			BeforeProcessingInitializeOnLoad (62ms)
			ProcessInitializeOnLoadAttributes (302ms)
			ProcessInitializeOnLoadMethodAttributes (26ms)
			AfterProcessingInitializeOnLoad (8ms)
			EditorAssembliesLoaded (0ms)
		ExecutionOrderSort2 (0ms)
		AwakeInstancesAfterBackupRestoration (5ms)
Launched and connected shader compiler UnityShaderCompiler.exe after 0.03 seconds
Refreshing native plugins compatible for Editor in 5.02 ms, found 4 plugins.
Preloading 0 native plugins for Editor in 0.00 ms.
Unloading 4035 Unused Serialized files (Serialized files now loaded: 0)
Unloading 64 unused Assets / (61.0 KB). Loaded Objects now: 4498.
Memory consumption went from 145.2 MB to 145.2 MB.
Total: 3.007600 ms (FindLiveObjects: 0.351100 ms CreateObjectMapping: 0.106100 ms MarkObjects: 2.428300 ms  DeleteObjects: 0.121100 ms)

AssetImportParameters requested are different than current active one (requested -> active):
  custom:container-demuxer-ogg: 62fdf1f143b41e24485cea50d1cbac27 -> 
  custom:video-decoder-ogg-theora: a1e56fd34408186e4bbccfd4996cb3dc -> 
  custom:framework-win-MediaFoundation: 216162199b28c13a410421893ffa2e32 -> 
  custom:CustomObjectIndexerAttribute: 6d391050e5a25f67b0a2c618074f2cd9 -> 
  custom:container-demuxer-webm: 4f35f7cbe854078d1ac9338744f61a02 -> 
  custom:container-muxer-webm: aa71ff27fc2769a1b78a27578f13a17b -> 
  custom:video-decoder-webm-vp8: 9c59270c3fd7afecdb556c50c9e8de78 -> 
  custom:SearchIndexIgnoredProperties: e643bd26f0fe6173181afceb89e7c659 -> 
  custom:AudioImporter_EditorPlatform: d09bf68614088b80899f8185d706f6e7 -> 
  custom:video-encoder-webm-vp8: eb34c28f22e8b96e1ab97ce403110664 -> 
  custom:audio-decoder-ogg-vorbis: bf7c407c2cedff20999df2af8eb42d56 -> 
  custom:audio-encoder-webm-vorbis: bf7c407c2cedff20999df2af8eb42d56 -> 
========================================================================
Received Import Request.
  Time since last request: 145052.317155 seconds.
  path: Assets/Sprites/Foozle_2DS0014_Void_EnemyFleet_3/Nautolan/Engine Effects/Aseprite/Nautolan Ship - Battlecruiser - Engine Effect.aseprite
  artifactKey: Guid(5643f707c1a017f439b2447493875b2f) Importer(815301076,1909f56bfc062723c751e8b465ee728b)
Start importing Assets/Sprites/Foozle_2DS0014_Void_EnemyFleet_3/Nautolan/Engine Effects/Aseprite/Nautolan Ship - Battlecruiser - Engine Effect.aseprite using Guid(5643f707c1a017f439b2447493875b2f) Importer(815301076,1909f56bfc062723c751e8b465ee728b)  -> (artifact id: '5eec7c24ae464d8e6e6978f2c7f399f2') in 0.100392 seconds
Number of updated asset objects reloaded before import = 0
Number of asset objects unloaded after import = 19
========================================================================
Received Import Request.
  Time since last request: 97.840668 seconds.
  path: Assets/Sprites/Foozle_2DS0016_Void_PickupsPack/Weapons/Aseprite/Pickup Icon - Weapons - Big Space Gun 2000.aseprite
  artifactKey: Guid(7057cb27b1a5e4b4ab8132dc1df11112) Importer(815301076,1909f56bfc062723c751e8b465ee728b)
Start importing Assets/Sprites/Foozle_2DS0016_Void_PickupsPack/Weapons/Aseprite/Pickup Icon - Weapons - Big Space Gun 2000.aseprite using Guid(7057cb27b1a5e4b4ab8132dc1df11112) Importer(815301076,1909f56bfc062723c751e8b465ee728b)  -> (artifact id: 'ca9d2641d2ef82905a32c02c4efe4abb') in 0.167704 seconds
Number of updated asset objects reloaded before import = 0
Number of asset objects unloaded after import = 26
========================================================================
Received Prepare
Begin MonoManager ReloadAssembly
- Loaded All Assemblies, in  0.449 seconds
Refreshing native plugins compatible for Editor in 5.15 ms, found 4 plugins.
Native extension for WindowsStandalone target not found
Native extension for WebGL target not found
[Package Manager] Server::EnsureServerProcessIsRunning -- launch failed, reason: Unity was launched with the -noUpm command-line argument
[Package Manager] UpmClient::Send -- Unable to send message (not connected to UPM process).
[Package Manager] Cannot connect to Unity Package Manager local server
Mono: successfully reloaded assembly
- Finished resetting the current domain, in  0.916 seconds
Domain Reload Profiling: 1360ms
	BeginReloadAssembly (142ms)
		ExecutionOrderSort (0ms)
		DisableScriptedObjects (11ms)
		BackupInstance (0ms)
		ReleaseScriptingObjects (0ms)
		CreateAndSetChildDomain (30ms)
	RebuildCommonClasses (31ms)
	RebuildNativeTypeToScriptingClass (9ms)
	initialDomainReloadingComplete (33ms)
	LoadAllAssembliesAndSetupDomain (229ms)
		LoadAssemblies (283ms)
		RebuildTransferFunctionScriptingTraits (0ms)
		AnalyzeDomain (19ms)
			TypeCache.Refresh (7ms)
				TypeCache.ScanAssembly (0ms)
			ScanForSourceGeneratedMonoScriptInfo (7ms)
			ResolveRequiredComponents (4ms)
	FinalizeReload (917ms)
		ReleaseScriptCaches (0ms)
		RebuildScriptCaches (0ms)
		SetupLoadedEditorAssemblies (321ms)
			LogAssemblyErrors (0ms)
			InitializePlatformSupportModulesInManaged (7ms)
			SetLoadedEditorAssemblies (2ms)
			RefreshPlugins (0ms)
			BeforeProcessingInitializeOnLoad (62ms)
			ProcessInitializeOnLoadAttributes (218ms)
			ProcessInitializeOnLoadMethodAttributes (24ms)
			AfterProcessingInitializeOnLoad (8ms)
			EditorAssembliesLoaded (0ms)
		ExecutionOrderSort2 (0ms)
		AwakeInstancesAfterBackupRestoration (11ms)
Refreshing native plugins compatible for Editor in 5.21 ms, found 4 plugins.
Preloading 0 native plugins for Editor in 0.00 ms.
Unloading 4023 Unused Serialized files (Serialized files now loaded: 0)
Unloading 36 unused Assets / (35.2 KB). Loaded Objects now: 4519.
Memory consumption went from 148.6 MB to 148.6 MB.
Total: 2.501700 ms (FindLiveObjects: 0.253900 ms CreateObjectMapping: 0.187800 ms MarkObjects: 2.009500 ms  DeleteObjects: 0.049500 ms)

Prepare: number of updated asset objects reloaded= 0
AssetImportParameters requested are different than current active one (requested -> active):
  custom:container-demuxer-ogg: 62fdf1f143b41e24485cea50d1cbac27 -> 
  custom:video-decoder-ogg-theora: a1e56fd34408186e4bbccfd4996cb3dc -> 
  custom:framework-win-MediaFoundation: 216162199b28c13a410421893ffa2e32 -> 
  custom:CustomObjectIndexerAttribute: 6d391050e5a25f67b0a2c618074f2cd9 -> 
  custom:container-demuxer-webm: 4f35f7cbe854078d1ac9338744f61a02 -> 
  custom:container-muxer-webm: aa71ff27fc2769a1b78a27578f13a17b -> 
  custom:video-decoder-webm-vp8: 9c59270c3fd7afecdb556c50c9e8de78 -> 
  custom:SearchIndexIgnoredProperties: e643bd26f0fe6173181afceb89e7c659 -> 
  custom:AudioImporter_EditorPlatform: d09bf68614088b80899f8185d706f6e7 -> 
  custom:video-encoder-webm-vp8: eb34c28f22e8b96e1ab97ce403110664 -> 
  custom:audio-decoder-ogg-vorbis: bf7c407c2cedff20999df2af8eb42d56 -> 
  custom:audio-encoder-webm-vorbis: bf7c407c2cedff20999df2af8eb42d56 -> 
========================================================================
Received Prepare
Begin MonoManager ReloadAssembly
- Loaded All Assemblies, in  0.416 seconds
Refreshing native plugins compatible for Editor in 5.00 ms, found 4 plugins.
Native extension for WindowsStandalone target not found
Native extension for WebGL target not found
[Package Manager] Server::EnsureServerProcessIsRunning -- launch failed, reason: Unity was launched with the -noUpm command-line argument
[Package Manager] UpmClient::Send -- Unable to send message (not connected to UPM process).
[Package Manager] Cannot connect to Unity Package Manager local server
Mono: successfully reloaded assembly
- Finished resetting the current domain, in  0.911 seconds
Domain Reload Profiling: 1323ms
	BeginReloadAssembly (136ms)
		ExecutionOrderSort (0ms)
		DisableScriptedObjects (11ms)
		BackupInstance (0ms)
		ReleaseScriptingObjects (0ms)
		CreateAndSetChildDomain (31ms)
	RebuildCommonClasses (30ms)
	RebuildNativeTypeToScriptingClass (8ms)
	initialDomainReloadingComplete (31ms)
	LoadAllAssembliesAndSetupDomain (206ms)
		LoadAssemblies (265ms)
		RebuildTransferFunctionScriptingTraits (0ms)
		AnalyzeDomain (10ms)
			TypeCache.Refresh (4ms)
				TypeCache.ScanAssembly (0ms)
			ScanForSourceGeneratedMonoScriptInfo (0ms)
			ResolveRequiredComponents (5ms)
	FinalizeReload (912ms)
		ReleaseScriptCaches (0ms)
		RebuildScriptCaches (0ms)
		SetupLoadedEditorAssemblies (369ms)
			LogAssemblyErrors (0ms)
			InitializePlatformSupportModulesInManaged (8ms)
			SetLoadedEditorAssemblies (3ms)
			RefreshPlugins (0ms)
			BeforeProcessingInitializeOnLoad (71ms)
			ProcessInitializeOnLoadAttributes (247ms)
			ProcessInitializeOnLoadMethodAttributes (31ms)
			AfterProcessingInitializeOnLoad (10ms)
			EditorAssembliesLoaded (0ms)
		ExecutionOrderSort2 (0ms)
		AwakeInstancesAfterBackupRestoration (12ms)
Refreshing native plugins compatible for Editor in 6.69 ms, found 4 plugins.
Preloading 0 native plugins for Editor in 0.00 ms.
Unloading 4024 Unused Serialized files (Serialized files now loaded: 0)
Unloading 36 unused Assets / (35.3 KB). Loaded Objects now: 4523.
Memory consumption went from 150.8 MB to 150.8 MB.
Total: 2.986100 ms (FindLiveObjects: 0.265000 ms CreateObjectMapping: 0.094900 ms MarkObjects: 2.579900 ms  DeleteObjects: 0.045700 ms)

Prepare: number of updated asset objects reloaded= 0
AssetImportParameters requested are different than current active one (requested -> active):
  custom:container-demuxer-ogg: 62fdf1f143b41e24485cea50d1cbac27 -> 
  custom:video-decoder-ogg-theora: a1e56fd34408186e4bbccfd4996cb3dc -> 
  custom:framework-win-MediaFoundation: 216162199b28c13a410421893ffa2e32 -> 
  custom:CustomObjectIndexerAttribute: 6d391050e5a25f67b0a2c618074f2cd9 -> 
  custom:container-demuxer-webm: 4f35f7cbe854078d1ac9338744f61a02 -> 
  custom:container-muxer-webm: aa71ff27fc2769a1b78a27578f13a17b -> 
  custom:video-decoder-webm-vp8: 9c59270c3fd7afecdb556c50c9e8de78 -> 
  custom:SearchIndexIgnoredProperties: e643bd26f0fe6173181afceb89e7c659 -> 
  custom:AudioImporter_EditorPlatform: d09bf68614088b80899f8185d706f6e7 -> 
  custom:video-encoder-webm-vp8: eb34c28f22e8b96e1ab97ce403110664 -> 
  custom:audio-decoder-ogg-vorbis: bf7c407c2cedff20999df2af8eb42d56 -> 
  custom:audio-encoder-webm-vorbis: bf7c407c2cedff20999df2af8eb42d56 -> 
========================================================================
Received Prepare
Begin MonoManager ReloadAssembly
- Loaded All Assemblies, in  0.414 seconds
Refreshing native plugins compatible for Editor in 5.13 ms, found 4 plugins.
Native extension for WindowsStandalone target not found
Native extension for WebGL target not found
[Package Manager] Server::EnsureServerProcessIsRunning -- launch failed, reason: Unity was launched with the -noUpm command-line argument
[Package Manager] UpmClient::Send -- Unable to send message (not connected to UPM process).
[Package Manager] Cannot connect to Unity Package Manager local server
Mono: successfully reloaded assembly
- Finished resetting the current domain, in  0.841 seconds
Domain Reload Profiling: 1251ms
	BeginReloadAssembly (136ms)
		ExecutionOrderSort (0ms)
		DisableScriptedObjects (8ms)
		BackupInstance (0ms)
		ReleaseScriptingObjects (0ms)
		CreateAndSetChildDomain (30ms)
	RebuildCommonClasses (24ms)
	RebuildNativeTypeToScriptingClass (10ms)
	initialDomainReloadingComplete (30ms)
	LoadAllAssembliesAndSetupDomain (210ms)
		LoadAssemblies (260ms)
		RebuildTransferFunctionScriptingTraits (0ms)
		AnalyzeDomain (20ms)
			TypeCache.Refresh (8ms)
				TypeCache.ScanAssembly (0ms)
			ScanForSourceGeneratedMonoScriptInfo (7ms)
			ResolveRequiredComponents (4ms)
	FinalizeReload (842ms)
		ReleaseScriptCaches (0ms)
		RebuildScriptCaches (0ms)
		SetupLoadedEditorAssemblies (340ms)
			LogAssemblyErrors (0ms)
			InitializePlatformSupportModulesInManaged (7ms)
			SetLoadedEditorAssemblies (2ms)
			RefreshPlugins (0ms)
			BeforeProcessingInitializeOnLoad (72ms)
			ProcessInitializeOnLoadAttributes (216ms)
			ProcessInitializeOnLoadMethodAttributes (34ms)
			AfterProcessingInitializeOnLoad (9ms)
			EditorAssembliesLoaded (0ms)
		ExecutionOrderSort2 (0ms)
		AwakeInstancesAfterBackupRestoration (13ms)
Refreshing native plugins compatible for Editor in 5.82 ms, found 4 plugins.
Preloading 0 native plugins for Editor in 0.00 ms.
Unloading 4024 Unused Serialized files (Serialized files now loaded: 0)
Unloading 36 unused Assets / (35.4 KB). Loaded Objects now: 4527.
Memory consumption went from 152.7 MB to 152.7 MB.
Total: 2.686300 ms (FindLiveObjects: 0.235700 ms CreateObjectMapping: 0.167400 ms MarkObjects: 2.234000 ms  DeleteObjects: 0.048600 ms)

Prepare: number of updated asset objects reloaded= 0
AssetImportParameters requested are different than current active one (requested -> active):
  custom:container-demuxer-ogg: 62fdf1f143b41e24485cea50d1cbac27 -> 
  custom:video-decoder-ogg-theora: a1e56fd34408186e4bbccfd4996cb3dc -> 
  custom:framework-win-MediaFoundation: 216162199b28c13a410421893ffa2e32 -> 
  custom:CustomObjectIndexerAttribute: 6d391050e5a25f67b0a2c618074f2cd9 -> 
  custom:container-demuxer-webm: 4f35f7cbe854078d1ac9338744f61a02 -> 
  custom:container-muxer-webm: aa71ff27fc2769a1b78a27578f13a17b -> 
  custom:video-decoder-webm-vp8: 9c59270c3fd7afecdb556c50c9e8de78 -> 
  custom:SearchIndexIgnoredProperties: e643bd26f0fe6173181afceb89e7c659 -> 
  custom:AudioImporter_EditorPlatform: d09bf68614088b80899f8185d706f6e7 -> 
  custom:video-encoder-webm-vp8: eb34c28f22e8b96e1ab97ce403110664 -> 
  custom:audio-decoder-ogg-vorbis: bf7c407c2cedff20999df2af8eb42d56 -> 
  custom:audio-encoder-webm-vorbis: bf7c407c2cedff20999df2af8eb42d56 -> 
========================================================================
Received Prepare
Begin MonoManager ReloadAssembly
- Loaded All Assemblies, in  0.417 seconds
Refreshing native plugins compatible for Editor in 5.36 ms, found 4 plugins.
Native extension for WindowsStandalone target not found
Native extension for WebGL target not found
[Package Manager] Server::EnsureServerProcessIsRunning -- launch failed, reason: Unity was launched with the -noUpm command-line argument
[Package Manager] UpmClient::Send -- Unable to send message (not connected to UPM process).
[Package Manager] Cannot connect to Unity Package Manager local server
Mono: successfully reloaded assembly
- Finished resetting the current domain, in  0.955 seconds
Domain Reload Profiling: 1368ms
	BeginReloadAssembly (137ms)
		ExecutionOrderSort (0ms)
		DisableScriptedObjects (9ms)
		BackupInstance (0ms)
		ReleaseScriptingObjects (0ms)
		CreateAndSetChildDomain (27ms)
	RebuildCommonClasses (32ms)
	RebuildNativeTypeToScriptingClass (12ms)
	initialDomainReloadingComplete (33ms)
	LoadAllAssembliesAndSetupDomain (198ms)
		LoadAssemblies (261ms)
		RebuildTransferFunctionScriptingTraits (0ms)
		AnalyzeDomain (12ms)
			TypeCache.Refresh (5ms)
				TypeCache.ScanAssembly (0ms)
			ScanForSourceGeneratedMonoScriptInfo (0ms)
			ResolveRequiredComponents (5ms)
	FinalizeReload (955ms)
		ReleaseScriptCaches (0ms)
		RebuildScriptCaches (0ms)
		SetupLoadedEditorAssemblies (416ms)
			LogAssemblyErrors (0ms)
			InitializePlatformSupportModulesInManaged (8ms)
			SetLoadedEditorAssemblies (2ms)
			RefreshPlugins (0ms)
			BeforeProcessingInitializeOnLoad (76ms)
			ProcessInitializeOnLoadAttributes (288ms)
			ProcessInitializeOnLoadMethodAttributes (31ms)
			AfterProcessingInitializeOnLoad (10ms)
			EditorAssembliesLoaded (0ms)
		ExecutionOrderSort2 (0ms)
		AwakeInstancesAfterBackupRestoration (12ms)
Refreshing native plugins compatible for Editor in 6.22 ms, found 4 plugins.
Preloading 0 native plugins for Editor in 0.00 ms.
Unloading 4024 Unused Serialized files (Serialized files now loaded: 0)
Unloading 36 unused Assets / (35.4 KB). Loaded Objects now: 4531.
Memory consumption went from 154.7 MB to 154.6 MB.
Total: 3.412100 ms (FindLiveObjects: 0.452400 ms CreateObjectMapping: 0.248500 ms MarkObjects: 2.651400 ms  DeleteObjects: 0.059000 ms)

Prepare: number of updated asset objects reloaded= 0
AssetImportParameters requested are different than current active one (requested -> active):
  custom:container-demuxer-ogg: 62fdf1f143b41e24485cea50d1cbac27 -> 
  custom:video-decoder-ogg-theora: a1e56fd34408186e4bbccfd4996cb3dc -> 
  custom:framework-win-MediaFoundation: 216162199b28c13a410421893ffa2e32 -> 
  custom:CustomObjectIndexerAttribute: 6d391050e5a25f67b0a2c618074f2cd9 -> 
  custom:container-demuxer-webm: 4f35f7cbe854078d1ac9338744f61a02 -> 
  custom:container-muxer-webm: aa71ff27fc2769a1b78a27578f13a17b -> 
  custom:video-decoder-webm-vp8: 9c59270c3fd7afecdb556c50c9e8de78 -> 
  custom:SearchIndexIgnoredProperties: e643bd26f0fe6173181afceb89e7c659 -> 
  custom:AudioImporter_EditorPlatform: d09bf68614088b80899f8185d706f6e7 -> 
  custom:video-encoder-webm-vp8: eb34c28f22e8b96e1ab97ce403110664 -> 
  custom:audio-decoder-ogg-vorbis: bf7c407c2cedff20999df2af8eb42d56 -> 
  custom:audio-encoder-webm-vorbis: bf7c407c2cedff20999df2af8eb42d56 -> 
========================================================================
Received Import Request.
  Time since last request: 564.100659 seconds.
  path: Assets/Sprites/Foozle_2DS0014_Void_EnemyFleet_3/Nautolan/Engine Effects
  artifactKey: Guid(7f225933af29f5646bbf9c62e8e8f6eb) Importer(815301076,1909f56bfc062723c751e8b465ee728b)
Start importing Assets/Sprites/Foozle_2DS0014_Void_EnemyFleet_3/Nautolan/Engine Effects using Guid(7f225933af29f5646bbf9c62e8e8f6eb) Importer(815301076,1909f56bfc062723c751e8b465ee728b)  -> (artifact id: '39752f1029e84fbbfb9a6aac3f1b7e67') in 0.002602 seconds
Number of updated asset objects reloaded before import = 0
Number of asset objects unloaded after import = 0
========================================================================
Received Import Request.
  Time since last request: 1.813201 seconds.
  path: Assets/Sprites/Foozle_2DS0014_Void_EnemyFleet_3/Nautolan/Engine Effects/Aseprite
  artifactKey: Guid(be26dd24cc0dd54469d57c5cd340934e) Importer(815301076,1909f56bfc062723c751e8b465ee728b)
Start importing Assets/Sprites/Foozle_2DS0014_Void_EnemyFleet_3/Nautolan/Engine Effects/Aseprite using Guid(be26dd24cc0dd54469d57c5cd340934e) Importer(815301076,1909f56bfc062723c751e8b465ee728b)  -> (artifact id: 'fd562e17e76cbad48caf182e7a2a4d05') in 0.000461 seconds
Number of updated asset objects reloaded before import = 0
Number of asset objects unloaded after import = 0
========================================================================
Received Import Request.
  Time since last request: 0.118308 seconds.
  path: Assets/Sprites/Foozle_2DS0014_Void_EnemyFleet_3/Nautolan/Engine Effects/Aseprite/Nautolan Ship - Bomber - Engine Effect.aseprite
  artifactKey: Guid(418e1c8322607f74982c64bdce613851) Importer(815301076,1909f56bfc062723c751e8b465ee728b)
Start importing Assets/Sprites/Foozle_2DS0014_Void_EnemyFleet_3/Nautolan/Engine Effects/Aseprite/Nautolan Ship - Bomber - Engine Effect.aseprite using Guid(418e1c8322607f74982c64bdce613851) Importer(815301076,1909f56bfc062723c751e8b465ee728b)  -> (artifact id: '1a7e1766b67be2fda5f8c90218d71238') in 0.188075 seconds
Number of updated asset objects reloaded before import = 0
Number of asset objects unloaded after import = 19
========================================================================
Received Import Request.
  Time since last request: 0.000015 seconds.
  path: Assets/Sprites/Foozle_2DS0014_Void_EnemyFleet_3/Nautolan/Engine Effects/Aseprite/Nautolan Ship - Fighter - Engine Effect.aseprite
  artifactKey: Guid(2ff625bb0f0991846b2b4546537f4ec0) Importer(815301076,1909f56bfc062723c751e8b465ee728b)
Start importing Assets/Sprites/Foozle_2DS0014_Void_EnemyFleet_3/Nautolan/Engine Effects/Aseprite/Nautolan Ship - Fighter - Engine Effect.aseprite using Guid(2ff625bb0f0991846b2b4546537f4ec0) Importer(815301076,1909f56bfc062723c751e8b465ee728b)  -> (artifact id: '0cae38b25f33395f9b9656d028582de6') in 0.027101 seconds
Number of updated asset objects reloaded before import = 0
Number of asset objects unloaded after import = 19
========================================================================
Received Import Request.
  Time since last request: 0.000017 seconds.
  path: Assets/Sprites/Foozle_2DS0014_Void_EnemyFleet_3/Nautolan/Engine Effects/Aseprite/Nautolan Ship - Support - Engine Effect.aseprite
  artifactKey: Guid(0767499a6e1a2e843a23ca94ec10c1fa) Importer(815301076,1909f56bfc062723c751e8b465ee728b)
Start importing Assets/Sprites/Foozle_2DS0014_Void_EnemyFleet_3/Nautolan/Engine Effects/Aseprite/Nautolan Ship - Support - Engine Effect.aseprite using Guid(0767499a6e1a2e843a23ca94ec10c1fa) Importer(815301076,1909f56bfc062723c751e8b465ee728b)  -> (artifact id: '59bf00ce7900803d2c27a5389ed76adc') in 0.030530 seconds
Number of updated asset objects reloaded before import = 0
Number of asset objects unloaded after import = 19
========================================================================
Received Import Request.
  Time since last request: 52.669552 seconds.
  path: Assets/Sprites/Foozle_2DS0012_Void_EnemyFleet_1/Kla'ed - Ships Preview.png
  artifactKey: Guid(e41619ee34094ff42ac35c2ee8fccfa3) Importer(815301076,1909f56bfc062723c751e8b465ee728b)
Start importing Assets/Sprites/Foozle_2DS0012_Void_EnemyFleet_1/Kla'ed - Ships Preview.png using Guid(e41619ee34094ff42ac35c2ee8fccfa3) Importer(815301076,1909f56bfc062723c751e8b465ee728b)  -> (artifact id: '996d10320eb1a8c01589f319fc79cea4') in 0.027723 seconds
Number of updated asset objects reloaded before import = 0
Number of asset objects unloaded after import = 3
========================================================================
Received Import Request.
  Time since last request: 49.111688 seconds.
  path: Assets/Sprites/Foozle_2DS0013_Void_EnemyFleet_2/Nairan/Engine Effects
  artifactKey: Guid(d2c973bbdd5f595498afae4d0bf7f723) Importer(815301076,1909f56bfc062723c751e8b465ee728b)
Start importing Assets/Sprites/Foozle_2DS0013_Void_EnemyFleet_2/Nairan/Engine Effects using Guid(d2c973bbdd5f595498afae4d0bf7f723) Importer(815301076,1909f56bfc062723c751e8b465ee728b)  -> (artifact id: '58e6cd3e41dd9168026b5e7b321cc761') in 0.000491 seconds
Number of updated asset objects reloaded before import = 0
Number of asset objects unloaded after import = 0
========================================================================
Received Import Request.
  Time since last request: 1.212768 seconds.
  path: Assets/Sprites/Foozle_2DS0013_Void_EnemyFleet_2/Nairan/Engine Effects/Aseprite
  artifactKey: Guid(5f7006718cc6b9342921e881b38c92b6) Importer(815301076,1909f56bfc062723c751e8b465ee728b)
Start importing Assets/Sprites/Foozle_2DS0013_Void_EnemyFleet_2/Nairan/Engine Effects/Aseprite using Guid(5f7006718cc6b9342921e881b38c92b6) Importer(815301076,1909f56bfc062723c751e8b465ee728b)  -> (artifact id: '149add38d74547f09860399c34284f27') in 0.000483 seconds
Number of updated asset objects reloaded before import = 0
Number of asset objects unloaded after import = 0
========================================================================
Received Import Request.
  Time since last request: 0.099169 seconds.
  path: Assets/Sprites/Foozle_2DS0013_Void_EnemyFleet_2/Nairan/Engine Effects/Aseprite/Nairan - Battlecruiser - Engine.aseprite
  artifactKey: Guid(7b6befb3fda573f49bd212395d4a04f3) Importer(815301076,1909f56bfc062723c751e8b465ee728b)
Start importing Assets/Sprites/Foozle_2DS0013_Void_EnemyFleet_2/Nairan/Engine Effects/Aseprite/Nairan - Battlecruiser - Engine.aseprite using Guid(7b6befb3fda573f49bd212395d4a04f3) Importer(815301076,1909f56bfc062723c751e8b465ee728b)  -> (artifact id: 'a273d991a60d5eb794d122987643a4db') in 0.164385 seconds
Number of updated asset objects reloaded before import = 0
Number of asset objects unloaded after import = 19
========================================================================
Received Import Request.
  Time since last request: 0.000015 seconds.
  path: Assets/Sprites/Foozle_2DS0013_Void_EnemyFleet_2/Nairan/Engine Effects/Aseprite/Nairan - Fighter - Engine.aseprite
  artifactKey: Guid(a8260722817b6d94bbfc557ad3762697) Importer(815301076,1909f56bfc062723c751e8b465ee728b)
Start importing Assets/Sprites/Foozle_2DS0013_Void_EnemyFleet_2/Nairan/Engine Effects/Aseprite/Nairan - Fighter - Engine.aseprite using Guid(a8260722817b6d94bbfc557ad3762697) Importer(815301076,1909f56bfc062723c751e8b465ee728b)  -> (artifact id: 'c68db60b67cabdc01ac821f7d275df95') in 0.175940 seconds
Number of updated asset objects reloaded before import = 0
Number of asset objects unloaded after import = 19
========================================================================
Received Import Request.
  Time since last request: 0.000021 seconds.
  path: Assets/Sprites/Foozle_2DS0013_Void_EnemyFleet_2/Nairan/Engine Effects/Aseprite/Nairan - Scout - Engine.aseprite
  artifactKey: Guid(202e3a6b97661b8448690f09def2fd23) Importer(815301076,1909f56bfc062723c751e8b465ee728b)
Start importing Assets/Sprites/Foozle_2DS0013_Void_EnemyFleet_2/Nairan/Engine Effects/Aseprite/Nairan - Scout - Engine.aseprite using Guid(202e3a6b97661b8448690f09def2fd23) Importer(815301076,1909f56bfc062723c751e8b465ee728b)  -> (artifact id: '7b520ae87b7a2a4cf92ea09db0aa6a15') in 0.026489 seconds
Number of updated asset objects reloaded before import = 0
Number of asset objects unloaded after import = 19
========================================================================
Received Import Request.
  Time since last request: 0.000015 seconds.
  path: Assets/Sprites/Foozle_2DS0013_Void_EnemyFleet_2/Nairan/Engine Effects/Aseprite/Nairan - Frigate - Engine.aseprite
  artifactKey: Guid(a71d064b44a3f4c4d96d1380a8b60d67) Importer(815301076,1909f56bfc062723c751e8b465ee728b)
Start importing Assets/Sprites/Foozle_2DS0013_Void_EnemyFleet_2/Nairan/Engine Effects/Aseprite/Nairan - Frigate - Engine.aseprite using Guid(a71d064b44a3f4c4d96d1380a8b60d67) Importer(815301076,1909f56bfc062723c751e8b465ee728b)  -> (artifact id: 'f8970b34d21ef0c6e964e94810871eba') in 0.023720 seconds
Number of updated asset objects reloaded before import = 0
Number of asset objects unloaded after import = 19
========================================================================
Received Import Request.
  Time since last request: 98.499964 seconds.
  path: Assets/Sprites/Foozle_2DS0013_Void_EnemyFleet_2/Nairan/Designs - Base
  artifactKey: Guid(2d9f8c9da7640074f882cda984f5ff82) Importer(815301076,1909f56bfc062723c751e8b465ee728b)
Start importing Assets/Sprites/Foozle_2DS0013_Void_EnemyFleet_2/Nairan/Designs - Base using Guid(2d9f8c9da7640074f882cda984f5ff82) Importer(815301076,1909f56bfc062723c751e8b465ee728b)  -> (artifact id: '0639edf2f179cc64529fa2b899787d75') in 0.000517 seconds
Number of updated asset objects reloaded before import = 0
Number of asset objects unloaded after import = 0
========================================================================
Received Import Request.
  Time since last request: 70.140139 seconds.
  path: Assets/Sprites/Foozle_2DS0014_Void_EnemyFleet_3/Nautolan/Designs - Base
  artifactKey: Guid(5abf9c975e0ffb746bbd380d1a5dfc5e) Importer(815301076,1909f56bfc062723c751e8b465ee728b)
Start importing Assets/Sprites/Foozle_2DS0014_Void_EnemyFleet_3/Nautolan/Designs - Base using Guid(5abf9c975e0ffb746bbd380d1a5dfc5e) Importer(815301076,1909f56bfc062723c751e8b465ee728b)  -> (artifact id: 'f293f250d10300728c84ab1e44fc195d') in 0.000517 seconds
Number of updated asset objects reloaded before import = 0
Number of asset objects unloaded after import = 0
========================================================================
Received Import Request.
  Time since last request: 0.987021 seconds.
  path: Assets/Sprites/Foozle_2DS0014_Void_EnemyFleet_3/Nautolan/Designs - Base/Aseprite
  artifactKey: Guid(4067e272ff994d84f9d11177d051b763) Importer(815301076,1909f56bfc062723c751e8b465ee728b)
Start importing Assets/Sprites/Foozle_2DS0014_Void_EnemyFleet_3/Nautolan/Designs - Base/Aseprite using Guid(4067e272ff994d84f9d11177d051b763) Importer(815301076,1909f56bfc062723c751e8b465ee728b)  -> (artifact id: '416cb678edd1647f8a5d0dc34fd42f40') in 0.000485 seconds
Number of updated asset objects reloaded before import = 0
Number of asset objects unloaded after import = 0
========================================================================
Received Import Request.
  Time since last request: 0.064502 seconds.
  path: Assets/Sprites/Foozle_2DS0014_Void_EnemyFleet_3/Nautolan/Designs - Base/Aseprite/Nautolan Ship - Battlecruiser - Base.aseprite
  artifactKey: Guid(13820c2d5223cae4ea69a0416c947684) Importer(815301076,1909f56bfc062723c751e8b465ee728b)
Start importing Assets/Sprites/Foozle_2DS0014_Void_EnemyFleet_3/Nautolan/Designs - Base/Aseprite/Nautolan Ship - Battlecruiser - Base.aseprite using Guid(13820c2d5223cae4ea69a0416c947684) Importer(815301076,1909f56bfc062723c751e8b465ee728b)  -> (artifact id: '856faef95c4e0ae0e6746608ebfcbc61') in 0.012504 seconds
Number of updated asset objects reloaded before import = 0
Number of asset objects unloaded after import = 7
========================================================================
Received Import Request.
  Time since last request: 0.000011 seconds.
  path: Assets/Sprites/Foozle_2DS0014_Void_EnemyFleet_3/Nautolan/Designs - Base/Aseprite/Nautolan Ship - Dreadnought - Base.aseprite
  artifactKey: Guid(d9a0c4014b8d16a4f98c913669420bc5) Importer(815301076,1909f56bfc062723c751e8b465ee728b)
Start importing Assets/Sprites/Foozle_2DS0014_Void_EnemyFleet_3/Nautolan/Designs - Base/Aseprite/Nautolan Ship - Dreadnought - Base.aseprite using Guid(d9a0c4014b8d16a4f98c913669420bc5) Importer(815301076,1909f56bfc062723c751e8b465ee728b)  -> (artifact id: 'f6652581207a6124e664881831717634') in 0.015051 seconds
Number of updated asset objects reloaded before import = 0
Number of asset objects unloaded after import = 7
========================================================================
Received Import Request.
  Time since last request: 0.000013 seconds.
  path: Assets/Sprites/Foozle_2DS0014_Void_EnemyFleet_3/Nautolan/Designs - Base/Aseprite/Nautolan Ship - Fighter - Base.aseprite
  artifactKey: Guid(d6559cc5803a3b34597864cb3cc13f11) Importer(815301076,1909f56bfc062723c751e8b465ee728b)
Start importing Assets/Sprites/Foozle_2DS0014_Void_EnemyFleet_3/Nautolan/Designs - Base/Aseprite/Nautolan Ship - Fighter - Base.aseprite using Guid(d6559cc5803a3b34597864cb3cc13f11) Importer(815301076,1909f56bfc062723c751e8b465ee728b)  -> (artifact id: 'c824957a8bee17b4fba8e46f9e3707c2') in 0.013659 seconds
Number of updated asset objects reloaded before import = 0
Number of asset objects unloaded after import = 7
========================================================================
Received Import Request.
  Time since last request: 0.000011 seconds.
  path: Assets/Sprites/Foozle_2DS0014_Void_EnemyFleet_3/Nautolan/Designs - Base/Aseprite/Nautolan Ship - Scout - Base.aseprite
  artifactKey: Guid(9b0cef2fd48f9e945b5d645d8a59d174) Importer(815301076,1909f56bfc062723c751e8b465ee728b)
Start importing Assets/Sprites/Foozle_2DS0014_Void_EnemyFleet_3/Nautolan/Designs - Base/Aseprite/Nautolan Ship - Scout - Base.aseprite using Guid(9b0cef2fd48f9e945b5d645d8a59d174) Importer(815301076,1909f56bfc062723c751e8b465ee728b)  -> (artifact id: '900de25c978d20b2ba4e6c74434b88db') in 0.017105 seconds
Number of updated asset objects reloaded before import = 0
Number of asset objects unloaded after import = 7
========================================================================
Received Import Request.
  Time since last request: 0.000011 seconds.
  path: Assets/Sprites/Foozle_2DS0014_Void_EnemyFleet_3/Nautolan/Designs - Base/Aseprite/Nautolan Ship - Torpedo Ship.aseprite
  artifactKey: Guid(5e1946a16f34bc046be4d30bc07f0862) Importer(815301076,1909f56bfc062723c751e8b465ee728b)
Start importing Assets/Sprites/Foozle_2DS0014_Void_EnemyFleet_3/Nautolan/Designs - Base/Aseprite/Nautolan Ship - Torpedo Ship.aseprite using Guid(5e1946a16f34bc046be4d30bc07f0862) Importer(815301076,1909f56bfc062723c751e8b465ee728b)  -> (artifact id: '9c3179896e68f7536ea62535cbc60e5c') in 0.015787 seconds
Number of updated asset objects reloaded before import = 0
Number of asset objects unloaded after import = 7
========================================================================
Received Import Request.
  Time since last request: 0.000015 seconds.
  path: Assets/Sprites/Foozle_2DS0014_Void_EnemyFleet_3/Nautolan/Designs - Base/Aseprite/Nautolan Ship - Frigate - Base.aseprite
  artifactKey: Guid(a5622fe899f3a7944acdc9b390151fb9) Importer(815301076,1909f56bfc062723c751e8b465ee728b)
Start importing Assets/Sprites/Foozle_2DS0014_Void_EnemyFleet_3/Nautolan/Designs - Base/Aseprite/Nautolan Ship - Frigate - Base.aseprite using Guid(a5622fe899f3a7944acdc9b390151fb9) Importer(815301076,1909f56bfc062723c751e8b465ee728b)  -> (artifact id: '6ef3a15d30cfae83a51dabc3dc81c3b2') in 0.016650 seconds
Number of updated asset objects reloaded before import = 0
Number of asset objects unloaded after import = 7
========================================================================
Received Import Request.
  Time since last request: 0.000020 seconds.
  path: Assets/Sprites/Foozle_2DS0014_Void_EnemyFleet_3/Nautolan/Designs - Base/Aseprite/Nautolan Ship - Support - Base.aseprite
  artifactKey: Guid(dabbbe4186d12dc48a9736ba6370533d) Importer(815301076,1909f56bfc062723c751e8b465ee728b)
Start importing Assets/Sprites/Foozle_2DS0014_Void_EnemyFleet_3/Nautolan/Designs - Base/Aseprite/Nautolan Ship - Support - Base.aseprite using Guid(dabbbe4186d12dc48a9736ba6370533d) Importer(815301076,1909f56bfc062723c751e8b465ee728b)  -> (artifact id: '1082354dd43ce9cbffd7ffce4fb1b727') in 0.014759 seconds
Number of updated asset objects reloaded before import = 0
Number of asset objects unloaded after import = 7
Editor requested this worker to shutdown with reason: Scaling down because of idle timeout
TcpMessagingSession - receive error: operation aborted. errorcode: 995, details: Der E/A-Vorgang wurde wegen eines Threadendes oder einer Anwendungsanforderung abgebrochen.
AssetImportWorker is now disconnected from the server
Process exiting
Exiting without the bug reporter. Application will terminate with return code 0