Using pre-set license
Built from '2022.3/release' branch; Version is '2022.3.20f1 (61c2feb0970d) revision 6406910'; Using compiler version '192829333'; Build Type 'Release'
OS: 'Windows 10  (10.0.19045) 64bit Professional' Language: 'de' Physical Memory: 8088 MB
BatchMode: 1, IsHumanControllingUs: 0, StartBugReporterOnCrash: 0, Is64bit: 1, IsPro: 1

COMMAND LINE ARGUMENTS:
C:\Program Files\Unity\Hub\Editor\2022.3.20f1\Editor\Unity.exe
-adb2
-batchMode
-noUpm
-name
AssetImportWorker0
-projectPath
C:/Users/Familie/Documents/Uni/Game Studio/Write-or-Die
-logFile
Logs/AssetImportWorker0.log
-srvPort
51685
Successfully changed project path to: C:/Users/Familie/Documents/Uni/Game Studio/Write-or-Die
C:/Users/Familie/Documents/Uni/Game Studio/Write-or-Die
[UnityMemory] Configuration Parameters - Can be set up in boot.config
    "memorysetup-bucket-allocator-granularity=16"
    "memorysetup-bucket-allocator-bucket-count=8"
    "memorysetup-bucket-allocator-block-size=33554432"
    "memorysetup-bucket-allocator-block-count=8"
    "memorysetup-main-allocator-block-size=16777216"
    "memorysetup-thread-allocator-block-size=16777216"
    "memorysetup-gfx-main-allocator-block-size=16777216"
    "memorysetup-gfx-thread-allocator-block-size=16777216"
    "memorysetup-cache-allocator-block-size=4194304"
    "memorysetup-typetree-allocator-block-size=2097152"
    "memorysetup-profiler-bucket-allocator-granularity=16"
    "memorysetup-profiler-bucket-allocator-bucket-count=8"
    "memorysetup-profiler-bucket-allocator-block-size=33554432"
    "memorysetup-profiler-bucket-allocator-block-count=8"
    "memorysetup-profiler-allocator-block-size=16777216"
    "memorysetup-profiler-editor-allocator-block-size=1048576"
    "memorysetup-temp-allocator-size-main=16777216"
    "memorysetup-job-temp-allocator-block-size=2097152"
    "memorysetup-job-temp-allocator-block-size-background=1048576"
    "memorysetup-job-temp-allocator-reduction-small-platforms=262144"
    "memorysetup-allocator-temp-initial-block-size-main=262144"
    "memorysetup-allocator-temp-initial-block-size-worker=262144"
    "memorysetup-temp-allocator-size-background-worker=32768"
    "memorysetup-temp-allocator-size-job-worker=262144"
    "memorysetup-temp-allocator-size-preload-manager=33554432"
    "memorysetup-temp-allocator-size-nav-mesh-worker=65536"
    "memorysetup-temp-allocator-size-audio-worker=65536"
    "memorysetup-temp-allocator-size-cloud-worker=32768"
    "memorysetup-temp-allocator-size-gi-baking-worker=262144"
    "memorysetup-temp-allocator-size-gfx=262144"
Player connection [13364] Host "[IP] 10.2.166.151 [Port] 0 [Flags] 2 [Guid] 547430263 [EditorId] 547430263 [Version] 1048832 [Id] WindowsEditor(7,DESKTOP-9TRPTO8) [Debug] 1 [PackageName] WindowsEditor [ProjectName] Editor" joined multi-casting on [225.0.0.222:54997]...

Player connection [13364] Host "[IP] 10.2.166.151 [Port] 0 [Flags] 2 [Guid] 547430263 [EditorId] 547430263 [Version] 1048832 [Id] WindowsEditor(7,DESKTOP-9TRPTO8) [Debug] 1 [PackageName] WindowsEditor [ProjectName] Editor" joined alternative multi-casting on [225.0.0.222:34997]...

[Physics::Module] Initialized MultithreadedJobDispatcher with 3 workers.
Refreshing native plugins compatible for Editor in 90.10 ms, found 4 plugins.
Preloading 0 native plugins for Editor in 0.00 ms.
Initialize engine version: 2022.3.20f1 (61c2feb0970d)
[Subsystems] Discovering subsystems at path C:/Program Files/Unity/Hub/Editor/2022.3.20f1/Editor/Data/Resources/UnitySubsystems
[Subsystems] Discovering subsystems at path C:/Users/Familie/Documents/Uni/Game Studio/Write-or-Die/Assets
GfxDevice: creating device client; threaded=0; jobified=0
Direct3D:
    Version:  Direct3D 11.0 [level 11.1]
    Renderer: Intel(R) UHD Graphics 620 (ID=0x5917)
    Vendor:   Intel
    VRAM:     4044 MB
    Driver:   27.20.100.9749
Initialize mono
Mono path[0] = 'C:/Program Files/Unity/Hub/Editor/2022.3.20f1/Editor/Data/Managed'
Mono path[1] = 'C:/Program Files/Unity/Hub/Editor/2022.3.20f1/Editor/Data/MonoBleedingEdge/lib/mono/unityjit-win32'
Mono config path = 'C:/Program Files/Unity/Hub/Editor/2022.3.20f1/Editor/Data/MonoBleedingEdge/etc'
Using monoOptions --debugger-agent=transport=dt_socket,embedding=1,server=y,suspend=n,address=127.0.0.1:56080
Begin MonoManager ReloadAssembly
Registering precompiled unity dll's ...
Register platform support module: C:/Program Files/Unity/Hub/Editor/2022.3.20f1/Editor/Data/PlaybackEngines/WebGLSupport/UnityEditor.WebGL.Extensions.dll
Register platform support module: C:/Program Files/Unity/Hub/Editor/2022.3.20f1/Editor/Data/PlaybackEngines/WindowsStandaloneSupport/UnityEditor.WindowsStandalone.Extensions.dll
Registered in 0.033001 seconds.
- Loaded All Assemblies, in  1.788 seconds
Native extension for WindowsStandalone target not found
Native extension for WebGL target not found
Mono: successfully reloaded assembly
- Finished resetting the current domain, in  1.988 seconds
Domain Reload Profiling: 3771ms
	BeginReloadAssembly (321ms)
		ExecutionOrderSort (0ms)
		DisableScriptedObjects (0ms)
		BackupInstance (0ms)
		ReleaseScriptingObjects (0ms)
		CreateAndSetChildDomain (1ms)
	RebuildCommonClasses (200ms)
	RebuildNativeTypeToScriptingClass (96ms)
	initialDomainReloadingComplete (199ms)
	LoadAllAssembliesAndSetupDomain (964ms)
		LoadAssemblies (318ms)
		RebuildTransferFunctionScriptingTraits (0ms)
		AnalyzeDomain (954ms)
			TypeCache.Refresh (946ms)
				TypeCache.ScanAssembly (881ms)
			ScanForSourceGeneratedMonoScriptInfo (1ms)
			ResolveRequiredComponents (4ms)
	FinalizeReload (1990ms)
		ReleaseScriptCaches (0ms)
		RebuildScriptCaches (0ms)
		SetupLoadedEditorAssemblies (1579ms)
			LogAssemblyErrors (0ms)
			InitializePlatformSupportModulesInManaged (47ms)
			SetLoadedEditorAssemblies (29ms)
			RefreshPlugins (0ms)
			BeforeProcessingInitializeOnLoad (10ms)
			ProcessInitializeOnLoadAttributes (1189ms)
			ProcessInitializeOnLoadMethodAttributes (303ms)
			AfterProcessingInitializeOnLoad (0ms)
			EditorAssembliesLoaded (0ms)
		ExecutionOrderSort2 (0ms)
		AwakeInstancesAfterBackupRestoration (0ms)
========================================================================
Worker process is ready to serve import requests
Begin MonoManager ReloadAssembly
- Loaded All Assemblies, in  6.371 seconds
Refreshing native plugins compatible for Editor in 319.88 ms, found 4 plugins.
Native extension for WindowsStandalone target not found
Native extension for WebGL target not found
Package Manager log level set to [2]
[Package Manager] Server::EnsureServerProcessIsRunning -- launch failed, reason: Unity was launched with the -noUpm command-line argument
[Package Manager] UpmClient::Send -- Unable to send message (not connected to UPM process).
[Package Manager] Cannot connect to Unity Package Manager local server
Mono: successfully reloaded assembly
- Finished resetting the current domain, in  6.475 seconds
Domain Reload Profiling: 12856ms
	BeginReloadAssembly (1034ms)
		ExecutionOrderSort (0ms)
		DisableScriptedObjects (12ms)
		BackupInstance (0ms)
		ReleaseScriptingObjects (0ms)
		CreateAndSetChildDomain (90ms)
	RebuildCommonClasses (333ms)
	RebuildNativeTypeToScriptingClass (155ms)
	initialDomainReloadingComplete (311ms)
	LoadAllAssembliesAndSetupDomain (4523ms)
		LoadAssemblies (2798ms)
		RebuildTransferFunctionScriptingTraits (0ms)
		AnalyzeDomain (2312ms)
			TypeCache.Refresh (2034ms)
				TypeCache.ScanAssembly (1453ms)
			ScanForSourceGeneratedMonoScriptInfo (253ms)
			ResolveRequiredComponents (22ms)
	FinalizeReload (6500ms)
		ReleaseScriptCaches (0ms)
		RebuildScriptCaches (0ms)
		SetupLoadedEditorAssemblies (5276ms)
			LogAssemblyErrors (0ms)
			InitializePlatformSupportModulesInManaged (50ms)
			SetLoadedEditorAssemblies (19ms)
			RefreshPlugins (0ms)
			BeforeProcessingInitializeOnLoad (742ms)
			ProcessInitializeOnLoadAttributes (4256ms)
			ProcessInitializeOnLoadMethodAttributes (178ms)
			AfterProcessingInitializeOnLoad (26ms)
			EditorAssembliesLoaded (4ms)
		ExecutionOrderSort2 (0ms)
		AwakeInstancesAfterBackupRestoration (19ms)
Launched and connected shader compiler UnityShaderCompiler.exe after 0.20 seconds
Refreshing native plugins compatible for Editor in 48.32 ms, found 4 plugins.
Preloading 0 native plugins for Editor in 0.00 ms.
Unloading 4036 Unused Serialized files (Serialized files now loaded: 0)
Unloading 64 unused Assets / (61.0 KB). Loaded Objects now: 4499.
Memory consumption went from 144.9 MB to 144.8 MB.
Total: 78.339300 ms (FindLiveObjects: 8.659400 ms CreateObjectMapping: 0.716500 ms MarkObjects: 61.996800 ms  DeleteObjects: 6.954500 ms)

AssetImportParameters requested are different than current active one (requested -> active):
  custom:container-demuxer-ogg: 62fdf1f143b41e24485cea50d1cbac27 -> 
  custom:video-decoder-ogg-theora: a1e56fd34408186e4bbccfd4996cb3dc -> 
  custom:framework-win-MediaFoundation: 216162199b28c13a410421893ffa2e32 -> 
  custom:CustomObjectIndexerAttribute: 6d391050e5a25f67b0a2c618074f2cd9 -> 
  custom:container-demuxer-webm: 4f35f7cbe854078d1ac9338744f61a02 -> 
  custom:container-muxer-webm: aa71ff27fc2769a1b78a27578f13a17b -> 
  custom:video-decoder-webm-vp8: 9c59270c3fd7afecdb556c50c9e8de78 -> 
  custom:SearchIndexIgnoredProperties: e643bd26f0fe6173181afceb89e7c659 -> 
  custom:AudioImporter_EditorPlatform: d09bf68614088b80899f8185d706f6e7 -> 
  custom:video-encoder-webm-vp8: eb34c28f22e8b96e1ab97ce403110664 -> 
  custom:audio-decoder-ogg-vorbis: bf7c407c2cedff20999df2af8eb42d56 -> 
  custom:audio-encoder-webm-vorbis: bf7c407c2cedff20999df2af8eb42d56 -> 
========================================================================
Received Import Request.
  Time since last request: 329558.046607 seconds.
  path: Assets/Sprites
  artifactKey: Guid(672a0c34ead04a84e860c21238522770) Importer(815301076,1909f56bfc062723c751e8b465ee728b)
Start importing Assets/Sprites using Guid(672a0c34ead04a84e860c21238522770) Importer(815301076,1909f56bfc062723c751e8b465ee728b)  -> (artifact id: '0ecfae78feb99a4c8b90b3969de0a8c7') in 0.026391 seconds
Number of updated asset objects reloaded before import = 0
Number of asset objects unloaded after import = 0
========================================================================
Received Import Request.
  Time since last request: 0.001965 seconds.
  path: Assets/Sprites/Foozle_2DS0012_Void_EnemyFleet_1/Kla'ed - Ships Preview.png
  artifactKey: Guid(e41619ee34094ff42ac35c2ee8fccfa3) Importer(815301076,1909f56bfc062723c751e8b465ee728b)
Start importing Assets/Sprites/Foozle_2DS0012_Void_EnemyFleet_1/Kla'ed - Ships Preview.png using Guid(e41619ee34094ff42ac35c2ee8fccfa3) Importer(815301076,1909f56bfc062723c751e8b465ee728b)  -> (artifact id: 'f04463af62a80b2b8c01324df442bf78') in 0.989181 seconds
Number of updated asset objects reloaded before import = 0
Number of asset objects unloaded after import = 3
========================================================================
Received Import Request.
  Time since last request: 0.000937 seconds.
  path: Assets/Enemy.prefab
  artifactKey: Guid(cfd7d92694aba104c96469fbc0e7fe7e) Importer(815301076,1909f56bfc062723c751e8b465ee728b)
Start importing Assets/Enemy.prefab using Guid(cfd7d92694aba104c96469fbc0e7fe7e) Importer(815301076,1909f56bfc062723c751e8b465ee728b)  -> (artifact id: 'c6f01eb8c112b999e3a20e5f03dff7df') in 0.377165 seconds
Number of updated asset objects reloaded before import = 0
Number of asset objects unloaded after import = 63
========================================================================
Received Import Request.
  Time since last request: 0.000856 seconds.
  path: Assets/Sprites/Foozle_2DS0012_Void_EnemyFleet_1
  artifactKey: Guid(9a391af75b64f9943a323a484bec59cb) Importer(815301076,1909f56bfc062723c751e8b465ee728b)
Start importing Assets/Sprites/Foozle_2DS0012_Void_EnemyFleet_1 using Guid(9a391af75b64f9943a323a484bec59cb) Importer(815301076,1909f56bfc062723c751e8b465ee728b)  -> (artifact id: '7fd90d50d2757d4946013cc46dc5a2dc') in 0.021284 seconds
Number of updated asset objects reloaded before import = 0
Number of asset objects unloaded after import = 0
========================================================================
Received Import Request.
  Time since last request: 2.693897 seconds.
  path: Assets/Sprites/Foozle_2DS0012_Void_EnemyFleet_1/Kla'ed
  artifactKey: Guid(03c2621d45df1964292ab0cdab972734) Importer(815301076,1909f56bfc062723c751e8b465ee728b)
Start importing Assets/Sprites/Foozle_2DS0012_Void_EnemyFleet_1/Kla'ed using Guid(03c2621d45df1964292ab0cdab972734) Importer(815301076,1909f56bfc062723c751e8b465ee728b)  -> (artifact id: 'c1f75cd0a5d3f83c635b452d3d5ff9db') in 0.001718 seconds
Number of updated asset objects reloaded before import = 0
Number of asset objects unloaded after import = 0
========================================================================
Received Import Request.
  Time since last request: 0.949419 seconds.
  path: Assets/Sprites/Foozle_2DS0012_Void_EnemyFleet_1/Kla'ed/Destruction
  artifactKey: Guid(1498c7cc388bdd04e9429c7fdc90d3cc) Importer(815301076,1909f56bfc062723c751e8b465ee728b)
Start importing Assets/Sprites/Foozle_2DS0012_Void_EnemyFleet_1/Kla'ed/Destruction using Guid(1498c7cc388bdd04e9429c7fdc90d3cc) Importer(815301076,1909f56bfc062723c751e8b465ee728b)  -> (artifact id: 'f6a5ae73c77b2a5ad1ef1d3ac48e58f5') in 0.000654 seconds
Number of updated asset objects reloaded before import = 0
Number of asset objects unloaded after import = 0
========================================================================
Received Import Request.
  Time since last request: 4.386680 seconds.
  path: Assets/Sprites/Foozle_2DS0012_Void_EnemyFleet_1/Kla'ed/Engine
  artifactKey: Guid(c4f6890a606dc3c4ea06ab94c533672a) Importer(815301076,1909f56bfc062723c751e8b465ee728b)
Start importing Assets/Sprites/Foozle_2DS0012_Void_EnemyFleet_1/Kla'ed/Engine using Guid(c4f6890a606dc3c4ea06ab94c533672a) Importer(815301076,1909f56bfc062723c751e8b465ee728b)  -> (artifact id: '7afa454ec69901524d9705942b832dde') in 0.000724 seconds
Number of updated asset objects reloaded before import = 0
Number of asset objects unloaded after import = 0
========================================================================
Received Import Request.
  Time since last request: 2.537969 seconds.
  path: Assets/Sprites/Foozle_2DS0012_Void_EnemyFleet_1/Kla'ed/Engine/Aseprite/Kla'ed - Battlecruiser - Engine.aseprite
  artifactKey: Guid(0718430e735a13e4d9bc8b8ed9b933c5) Importer(815301076,1909f56bfc062723c751e8b465ee728b)
Start importing Assets/Sprites/Foozle_2DS0012_Void_EnemyFleet_1/Kla'ed/Engine/Aseprite/Kla'ed - Battlecruiser - Engine.aseprite using Guid(0718430e735a13e4d9bc8b8ed9b933c5) Importer(815301076,1909f56bfc062723c751e8b465ee728b)  -> (artifact id: 'ec959526ba766a1d4500a770379e657a') in 0.879039 seconds
Number of updated asset objects reloaded before import = 0
Number of asset objects unloaded after import = 23
========================================================================
Received Import Request.
  Time since last request: 0.000067 seconds.
  path: Assets/Sprites/Foozle_2DS0012_Void_EnemyFleet_1/Kla'ed/Engine/Aseprite/Kla'ed - Torpedo Ship - Engine.aseprite
  artifactKey: Guid(8921dd4bde9b5664fa18b6fec821d29f) Importer(815301076,1909f56bfc062723c751e8b465ee728b)
Start importing Assets/Sprites/Foozle_2DS0012_Void_EnemyFleet_1/Kla'ed/Engine/Aseprite/Kla'ed - Torpedo Ship - Engine.aseprite using Guid(8921dd4bde9b5664fa18b6fec821d29f) Importer(815301076,1909f56bfc062723c751e8b465ee728b)  -> (artifact id: '19bf8baa3deb3f37c56645759f432747') in 0.609019 seconds
Number of updated asset objects reloaded before import = 0
Number of asset objects unloaded after import = 21
========================================================================
Received Import Request.
  Time since last request: 0.008895 seconds.
  path: Assets/Sprites/Foozle_2DS0012_Void_EnemyFleet_1/Kla'ed/Engine/Aseprite
  artifactKey: Guid(625533adc73f1684fa2c78072fcb88a2) Importer(815301076,1909f56bfc062723c751e8b465ee728b)
Start importing Assets/Sprites/Foozle_2DS0012_Void_EnemyFleet_1/Kla'ed/Engine/Aseprite using Guid(625533adc73f1684fa2c78072fcb88a2) Importer(815301076,1909f56bfc062723c751e8b465ee728b)  -> (artifact id: '1867a06c716caaff982a8fb48b5404e7') in 0.003519 seconds
Number of updated asset objects reloaded before import = 0
Number of asset objects unloaded after import = 0
========================================================================
Received Import Request.
  Time since last request: 0.000032 seconds.
  path: Assets/Sprites/Foozle_2DS0012_Void_EnemyFleet_1/Kla'ed/Engine/Aseprite/Kla'ed - Frigate - Engine.aseprite
  artifactKey: Guid(b80eead71c0020341930f25d48c01b94) Importer(815301076,1909f56bfc062723c751e8b465ee728b)
Start importing Assets/Sprites/Foozle_2DS0012_Void_EnemyFleet_1/Kla'ed/Engine/Aseprite/Kla'ed - Frigate - Engine.aseprite using Guid(b80eead71c0020341930f25d48c01b94) Importer(815301076,1909f56bfc062723c751e8b465ee728b)  -> (artifact id: '4fc7b87f0a753e1086a7a61a3d910b48') in 0.744297 seconds
Number of updated asset objects reloaded before import = 0
Number of asset objects unloaded after import = 23
========================================================================
Received Import Request.
  Time since last request: 0.000034 seconds.
  path: Assets/Sprites/Foozle_2DS0012_Void_EnemyFleet_1/Kla'ed/Engine/Aseprite/Kla'ed - Scout - Engine.aseprite
  artifactKey: Guid(ddd54e908e9d3c040929fe40208dc86a) Importer(815301076,1909f56bfc062723c751e8b465ee728b)
Start importing Assets/Sprites/Foozle_2DS0012_Void_EnemyFleet_1/Kla'ed/Engine/Aseprite/Kla'ed - Scout - Engine.aseprite using Guid(ddd54e908e9d3c040929fe40208dc86a) Importer(815301076,1909f56bfc062723c751e8b465ee728b)  -> (artifact id: '0d5bee776e318514386b08d5376f53f7') in 0.870278 seconds
Number of updated asset objects reloaded before import = 0
Number of asset objects unloaded after import = 21
========================================================================
Received Import Request.
  Time since last request: 0.002333 seconds.
  path: Assets/Sprites/Foozle_2DS0012_Void_EnemyFleet_1/Kla'ed/Engine/Aseprite/Kla'ed - Dreadnought - Engine.aseprite
  artifactKey: Guid(62be15e444ea06a458b41722a730c3ee) Importer(815301076,1909f56bfc062723c751e8b465ee728b)
Start importing Assets/Sprites/Foozle_2DS0012_Void_EnemyFleet_1/Kla'ed/Engine/Aseprite/Kla'ed - Dreadnought - Engine.aseprite using Guid(62be15e444ea06a458b41722a730c3ee) Importer(815301076,1909f56bfc062723c751e8b465ee728b)  -> (artifact id: '4a78ea57bc7a15b1a7fc8040fadce4d9') in 0.817416 seconds
Number of updated asset objects reloaded before import = 0
Number of asset objects unloaded after import = 23
========================================================================
Received Import Request.
  Time since last request: 18.644140 seconds.
  path: Assets/Sprites/Foozle_2DS0013_Void_EnemyFleet_2
  artifactKey: Guid(6ea3034dd20476e4d892d7be8280c72c) Importer(815301076,1909f56bfc062723c751e8b465ee728b)
Start importing Assets/Sprites/Foozle_2DS0013_Void_EnemyFleet_2 using Guid(6ea3034dd20476e4d892d7be8280c72c) Importer(815301076,1909f56bfc062723c751e8b465ee728b)  -> (artifact id: 'a6aa7da470cac8e2f1966b147fcf4a46') in 0.002182 seconds
Number of updated asset objects reloaded before import = 0
Number of asset objects unloaded after import = 0
========================================================================
Received Import Request.
  Time since last request: 4.788620 seconds.
  path: Assets/Sprites/Foozle_2DS0013_Void_EnemyFleet_2/Nairan/Engine Effects/Aseprite/Nairan - Bomber - Engine.aseprite
  artifactKey: Guid(a3476c96b2a32d341b3233610f8b0aeb) Importer(815301076,1909f56bfc062723c751e8b465ee728b)
Start importing Assets/Sprites/Foozle_2DS0013_Void_EnemyFleet_2/Nairan/Engine Effects/Aseprite/Nairan - Bomber - Engine.aseprite using Guid(a3476c96b2a32d341b3233610f8b0aeb) Importer(815301076,1909f56bfc062723c751e8b465ee728b)  -> (artifact id: '1485fb6affc107a739d652bb26d9dcdf') in 0.223695 seconds
Number of updated asset objects reloaded before import = 0
Number of asset objects unloaded after import = 19
========================================================================
Received Import Request.
  Time since last request: 0.000335 seconds.
  path: Assets/Sprites/Foozle_2DS0013_Void_EnemyFleet_2/Nairan/Engine Effects/Aseprite/Nairan - Fighter - Engine.aseprite
  artifactKey: Guid(a8260722817b6d94bbfc557ad3762697) Importer(815301076,1909f56bfc062723c751e8b465ee728b)
Start importing Assets/Sprites/Foozle_2DS0013_Void_EnemyFleet_2/Nairan/Engine Effects/Aseprite/Nairan - Fighter - Engine.aseprite using Guid(a8260722817b6d94bbfc557ad3762697) Importer(815301076,1909f56bfc062723c751e8b465ee728b)  -> (artifact id: '2846d2825eac2973f7f984c480a6ee89') in 0.297777 seconds
Number of updated asset objects reloaded before import = 0
Number of asset objects unloaded after import = 19
========================================================================
Received Import Request.
  Time since last request: 0.000036 seconds.
  path: Assets/Sprites/Foozle_2DS0013_Void_EnemyFleet_2/Nairan/Engine Effects/Aseprite/Nairan - Torpedo Ship - Engine.aseprite
  artifactKey: Guid(7ee5ac6004396a849a7f56654c6b0606) Importer(815301076,1909f56bfc062723c751e8b465ee728b)
Start importing Assets/Sprites/Foozle_2DS0013_Void_EnemyFleet_2/Nairan/Engine Effects/Aseprite/Nairan - Torpedo Ship - Engine.aseprite using Guid(7ee5ac6004396a849a7f56654c6b0606) Importer(815301076,1909f56bfc062723c751e8b465ee728b)  -> (artifact id: '1399da12799e6fab96a045917c4627f8') in 0.257753 seconds
Number of updated asset objects reloaded before import = 0
Number of asset objects unloaded after import = 19
========================================================================
Received Import Request.
  Time since last request: 12.310080 seconds.
  path: Assets/Sprites/Foozle_2DS0014_Void_EnemyFleet_3
  artifactKey: Guid(0bfc4ef442c42954eb2e581ed9a2ea2f) Importer(815301076,1909f56bfc062723c751e8b465ee728b)
Start importing Assets/Sprites/Foozle_2DS0014_Void_EnemyFleet_3 using Guid(0bfc4ef442c42954eb2e581ed9a2ea2f) Importer(815301076,1909f56bfc062723c751e8b465ee728b)  -> (artifact id: 'a01cb77bea502edb5041fb62e08ecedc') in 0.000914 seconds
Number of updated asset objects reloaded before import = 0
Number of asset objects unloaded after import = 0
========================================================================
Received Import Request.
  Time since last request: 4.538965 seconds.
  path: Assets/Sprites/Foozle_2DS0014_Void_EnemyFleet_3/Nautolan/Engine Effects/Aseprite/Nautolan Ship - Bomber - Engine Effect.aseprite
  artifactKey: Guid(418e1c8322607f74982c64bdce613851) Importer(815301076,1909f56bfc062723c751e8b465ee728b)
Start importing Assets/Sprites/Foozle_2DS0014_Void_EnemyFleet_3/Nautolan/Engine Effects/Aseprite/Nautolan Ship - Bomber - Engine Effect.aseprite using Guid(418e1c8322607f74982c64bdce613851) Importer(815301076,1909f56bfc062723c751e8b465ee728b)  -> (artifact id: '80cd64f39ee85eff86e46b0db4bba65e') in 0.152538 seconds
Number of updated asset objects reloaded before import = 0
Number of asset objects unloaded after import = 19
========================================================================
Received Import Request.
  Time since last request: 0.000019 seconds.
  path: Assets/Sprites/Foozle_2DS0014_Void_EnemyFleet_3/Nautolan/Engine Effects/Aseprite/Nautolan Ship - Fighter - Engine Effect.aseprite
  artifactKey: Guid(2ff625bb0f0991846b2b4546537f4ec0) Importer(815301076,1909f56bfc062723c751e8b465ee728b)
Start importing Assets/Sprites/Foozle_2DS0014_Void_EnemyFleet_3/Nautolan/Engine Effects/Aseprite/Nautolan Ship - Fighter - Engine Effect.aseprite using Guid(2ff625bb0f0991846b2b4546537f4ec0) Importer(815301076,1909f56bfc062723c751e8b465ee728b)  -> (artifact id: 'a49b49ee1f488dfcb37473edcb8254c6') in 0.324105 seconds
Number of updated asset objects reloaded before import = 0
Number of asset objects unloaded after import = 19
========================================================================
Received Import Request.
  Time since last request: 0.000037 seconds.
  path: Assets/Sprites/Foozle_2DS0014_Void_EnemyFleet_3/Nautolan/Engine Effects/Aseprite/Nautolan Ship - Torpedo Ship - Engine Effect.aseprite
  artifactKey: Guid(8c000bd0d70d0c7479d75cd144782486) Importer(815301076,1909f56bfc062723c751e8b465ee728b)
Start importing Assets/Sprites/Foozle_2DS0014_Void_EnemyFleet_3/Nautolan/Engine Effects/Aseprite/Nautolan Ship - Torpedo Ship - Engine Effect.aseprite using Guid(8c000bd0d70d0c7479d75cd144782486) Importer(815301076,1909f56bfc062723c751e8b465ee728b)  -> (artifact id: 'a275e8eae39303f96e03b037046126d0') in 0.127093 seconds
Number of updated asset objects reloaded before import = 0
Number of asset objects unloaded after import = 19
========================================================================
Received Import Request.
  Time since last request: 85.721128 seconds.
  path: Assets/Sprites/Foozle_2DS0012_Void_EnemyFleet_1/Kla'ed/Base/Aseprite/Kla'ed - Bomber - Base.aseprite
  artifactKey: Guid(2bfff76018d3d9145a8c0c66ef9a7dd2) Importer(815301076,1909f56bfc062723c751e8b465ee728b)
Start importing Assets/Sprites/Foozle_2DS0012_Void_EnemyFleet_1/Kla'ed/Base/Aseprite/Kla'ed - Bomber - Base.aseprite using Guid(2bfff76018d3d9145a8c0c66ef9a7dd2) Importer(815301076,1909f56bfc062723c751e8b465ee728b)  -> (artifact id: 'ef23913d9547d83e0b504223d3793425') in 0.112755 seconds
Number of updated asset objects reloaded before import = 0
Number of asset objects unloaded after import = 7
========================================================================
Received Import Request.
  Time since last request: 0.000043 seconds.
  path: Assets/Sprites/Foozle_2DS0012_Void_EnemyFleet_1/Kla'ed/Base/Aseprite/Kla'ed - Support ship - Base.aseprite
  artifactKey: Guid(711bc1056485ae340b7be02cf052559d) Importer(815301076,1909f56bfc062723c751e8b465ee728b)
Start importing Assets/Sprites/Foozle_2DS0012_Void_EnemyFleet_1/Kla'ed/Base/Aseprite/Kla'ed - Support ship - Base.aseprite using Guid(711bc1056485ae340b7be02cf052559d) Importer(815301076,1909f56bfc062723c751e8b465ee728b)  -> (artifact id: 'e9735102a8171572d008a056096764de') in 0.290206 seconds
Number of updated asset objects reloaded before import = 0
Number of asset objects unloaded after import = 7
========================================================================
Received Import Request.
  Time since last request: 0.000854 seconds.
  path: Assets/Sprites/Foozle_2DS0012_Void_EnemyFleet_1/Kla'ed/Base/Aseprite/Kla'ed - Torpedo Ship - Base.aseprite
  artifactKey: Guid(707a7f76081f9cb4e98d1175c914e169) Importer(815301076,1909f56bfc062723c751e8b465ee728b)
Start importing Assets/Sprites/Foozle_2DS0012_Void_EnemyFleet_1/Kla'ed/Base/Aseprite/Kla'ed - Torpedo Ship - Base.aseprite using Guid(707a7f76081f9cb4e98d1175c914e169) Importer(815301076,1909f56bfc062723c751e8b465ee728b)  -> (artifact id: 'da6c03202ab48d6e611dff86222e2ca9') in 0.295147 seconds
Number of updated asset objects reloaded before import = 0
Number of asset objects unloaded after import = 7
========================================================================
Received Import Request.
  Time since last request: 0.000172 seconds.
  path: Assets/Sprites/Foozle_2DS0012_Void_EnemyFleet_1/Kla'ed/Base/Aseprite/Kla'ed - Dreadnought - Base.aseprite
  artifactKey: Guid(c448b7031318f6a4c962d7b22f25802c) Importer(815301076,1909f56bfc062723c751e8b465ee728b)
Start importing Assets/Sprites/Foozle_2DS0012_Void_EnemyFleet_1/Kla'ed/Base/Aseprite/Kla'ed - Dreadnought - Base.aseprite using Guid(c448b7031318f6a4c962d7b22f25802c) Importer(815301076,1909f56bfc062723c751e8b465ee728b)  -> (artifact id: '0b40d427c095e97153bd211ab5eab849') in 0.309002 seconds
Number of updated asset objects reloaded before import = 0
Number of asset objects unloaded after import = 7
Editor requested this worker to shutdown with reason: Scaling down because of idle timeout
TcpMessagingSession - receive error
AssetImportWorkerClient::OnTransportError - code=2 error=End of file
AssetImportWorker is now disconnected from the server
Process exiting
Exiting without the bug reporter. Application will terminate with return code 0