Using pre-set license
Built from '2022.3/release' branch; Version is '2022.3.20f1 (61c2feb0970d) revision 6406910'; Using compiler version '192829333'; Build Type 'Release'
OS: 'Windows 10  (10.0.19045) 64bit Professional' Language: 'de' Physical Memory: 8088 MB
BatchMode: 1, IsHumanControllingUs: 0, StartBugReporterOnCrash: 0, Is64bit: 1, IsPro: 1

COMMAND LINE ARGUMENTS:
C:\Program Files\Unity\Hub\Editor\2022.3.20f1\Editor\Unity.exe
-adb2
-batchMode
-noUpm
-name
AssetImportWorker1
-projectPath
C:/Users/Familie/Documents/Uni/Game Studio/Write-or-Die
-logFile
Logs/AssetImportWorker1.log
-srvPort
51685
Successfully changed project path to: C:/Users/Familie/Documents/Uni/Game Studio/Write-or-Die
C:/Users/Familie/Documents/Uni/Game Studio/Write-or-Die
[UnityMemory] Configuration Parameters - Can be set up in boot.config
    "memorysetup-bucket-allocator-granularity=16"
    "memorysetup-bucket-allocator-bucket-count=8"
    "memorysetup-bucket-allocator-block-size=33554432"
    "memorysetup-bucket-allocator-block-count=8"
    "memorysetup-main-allocator-block-size=16777216"
    "memorysetup-thread-allocator-block-size=16777216"
    "memorysetup-gfx-main-allocator-block-size=16777216"
    "memorysetup-gfx-thread-allocator-block-size=16777216"
    "memorysetup-cache-allocator-block-size=4194304"
    "memorysetup-typetree-allocator-block-size=2097152"
    "memorysetup-profiler-bucket-allocator-granularity=16"
    "memorysetup-profiler-bucket-allocator-bucket-count=8"
    "memorysetup-profiler-bucket-allocator-block-size=33554432"
    "memorysetup-profiler-bucket-allocator-block-count=8"
    "memorysetup-profiler-allocator-block-size=16777216"
    "memorysetup-profiler-editor-allocator-block-size=1048576"
    "memorysetup-temp-allocator-size-main=16777216"
    "memorysetup-job-temp-allocator-block-size=2097152"
    "memorysetup-job-temp-allocator-block-size-background=1048576"
    "memorysetup-job-temp-allocator-reduction-small-platforms=262144"
    "memorysetup-allocator-temp-initial-block-size-main=262144"
    "memorysetup-allocator-temp-initial-block-size-worker=262144"
    "memorysetup-temp-allocator-size-background-worker=32768"
    "memorysetup-temp-allocator-size-job-worker=262144"
    "memorysetup-temp-allocator-size-preload-manager=33554432"
    "memorysetup-temp-allocator-size-nav-mesh-worker=65536"
    "memorysetup-temp-allocator-size-audio-worker=65536"
    "memorysetup-temp-allocator-size-cloud-worker=32768"
    "memorysetup-temp-allocator-size-gi-baking-worker=262144"
    "memorysetup-temp-allocator-size-gfx=262144"
Player connection [11576] Host "[IP] 10.2.166.151 [Port] 0 [Flags] 2 [Guid] 162468892 [EditorId] 162468892 [Version] 1048832 [Id] WindowsEditor(7,DESKTOP-9TRPTO8) [Debug] 1 [PackageName] WindowsEditor [ProjectName] Editor" joined multi-casting on [225.0.0.222:54997]...

Player connection [11576] Host "[IP] 10.2.166.151 [Port] 0 [Flags] 2 [Guid] 162468892 [EditorId] 162468892 [Version] 1048832 [Id] WindowsEditor(7,DESKTOP-9TRPTO8) [Debug] 1 [PackageName] WindowsEditor [ProjectName] Editor" joined alternative multi-casting on [225.0.0.222:34997]...

[Physics::Module] Initialized MultithreadedJobDispatcher with 3 workers.
Refreshing native plugins compatible for Editor in 241.47 ms, found 4 plugins.
Preloading 0 native plugins for Editor in 0.00 ms.
Initialize engine version: 2022.3.20f1 (61c2feb0970d)
[Subsystems] Discovering subsystems at path C:/Program Files/Unity/Hub/Editor/2022.3.20f1/Editor/Data/Resources/UnitySubsystems
[Subsystems] Discovering subsystems at path C:/Users/Familie/Documents/Uni/Game Studio/Write-or-Die/Assets
GfxDevice: creating device client; threaded=0; jobified=0
Direct3D:
    Version:  Direct3D 11.0 [level 11.1]
    Renderer: Intel(R) UHD Graphics 620 (ID=0x5917)
    Vendor:   Intel
    VRAM:     4044 MB
    Driver:   27.20.100.9749
Initialize mono
Mono path[0] = 'C:/Program Files/Unity/Hub/Editor/2022.3.20f1/Editor/Data/Managed'
Mono path[1] = 'C:/Program Files/Unity/Hub/Editor/2022.3.20f1/Editor/Data/MonoBleedingEdge/lib/mono/unityjit-win32'
Mono config path = 'C:/Program Files/Unity/Hub/Editor/2022.3.20f1/Editor/Data/MonoBleedingEdge/etc'
Using monoOptions --debugger-agent=transport=dt_socket,embedding=1,server=y,suspend=n,address=127.0.0.1:56504
Begin MonoManager ReloadAssembly
Registering precompiled unity dll's ...
Register platform support module: C:/Program Files/Unity/Hub/Editor/2022.3.20f1/Editor/Data/PlaybackEngines/WebGLSupport/UnityEditor.WebGL.Extensions.dll
Register platform support module: C:/Program Files/Unity/Hub/Editor/2022.3.20f1/Editor/Data/PlaybackEngines/WindowsStandaloneSupport/UnityEditor.WindowsStandalone.Extensions.dll
Registered in 0.035241 seconds.
- Loaded All Assemblies, in  2.359 seconds
Native extension for WindowsStandalone target not found
Native extension for WebGL target not found
Mono: successfully reloaded assembly
- Finished resetting the current domain, in  2.560 seconds
Domain Reload Profiling: 4915ms
	BeginReloadAssembly (299ms)
		ExecutionOrderSort (0ms)
		DisableScriptedObjects (0ms)
		BackupInstance (0ms)
		ReleaseScriptingObjects (0ms)
		CreateAndSetChildDomain (4ms)
	RebuildCommonClasses (286ms)
	RebuildNativeTypeToScriptingClass (29ms)
	initialDomainReloadingComplete (358ms)
	LoadAllAssembliesAndSetupDomain (1376ms)
		LoadAssemblies (294ms)
		RebuildTransferFunctionScriptingTraits (0ms)
		AnalyzeDomain (1368ms)
			TypeCache.Refresh (1349ms)
				TypeCache.ScanAssembly (1194ms)
			ScanForSourceGeneratedMonoScriptInfo (9ms)
			ResolveRequiredComponents (5ms)
	FinalizeReload (2568ms)
		ReleaseScriptCaches (0ms)
		RebuildScriptCaches (0ms)
		SetupLoadedEditorAssemblies (2128ms)
			LogAssemblyErrors (0ms)
			InitializePlatformSupportModulesInManaged (110ms)
			SetLoadedEditorAssemblies (34ms)
			RefreshPlugins (0ms)
			BeforeProcessingInitializeOnLoad (11ms)
			ProcessInitializeOnLoadAttributes (1576ms)
			ProcessInitializeOnLoadMethodAttributes (398ms)
			AfterProcessingInitializeOnLoad (0ms)
			EditorAssembliesLoaded (0ms)
		ExecutionOrderSort2 (0ms)
		AwakeInstancesAfterBackupRestoration (0ms)
========================================================================
Worker process is ready to serve import requests
Begin MonoManager ReloadAssembly
- Loaded All Assemblies, in  6.902 seconds
Refreshing native plugins compatible for Editor in 25.71 ms, found 4 plugins.
Native extension for WindowsStandalone target not found
Native extension for WebGL target not found
Package Manager log level set to [2]
[Package Manager] Server::EnsureServerProcessIsRunning -- launch failed, reason: Unity was launched with the -noUpm command-line argument
[Package Manager] UpmClient::Send -- Unable to send message (not connected to UPM process).
[Package Manager] Cannot connect to Unity Package Manager local server
Mono: successfully reloaded assembly
- Finished resetting the current domain, in  7.534 seconds
Domain Reload Profiling: 14443ms
	BeginReloadAssembly (1136ms)
		ExecutionOrderSort (0ms)
		DisableScriptedObjects (35ms)
		BackupInstance (0ms)
		ReleaseScriptingObjects (2ms)
		CreateAndSetChildDomain (128ms)
	RebuildCommonClasses (143ms)
	RebuildNativeTypeToScriptingClass (35ms)
	initialDomainReloadingComplete (137ms)
	LoadAllAssembliesAndSetupDomain (5447ms)
		LoadAssemblies (2438ms)
		RebuildTransferFunctionScriptingTraits (0ms)
		AnalyzeDomain (3508ms)
			TypeCache.Refresh (3269ms)
				TypeCache.ScanAssembly (2689ms)
			ScanForSourceGeneratedMonoScriptInfo (191ms)
			ResolveRequiredComponents (40ms)
	FinalizeReload (7545ms)
		ReleaseScriptCaches (0ms)
		RebuildScriptCaches (0ms)
		SetupLoadedEditorAssemblies (5926ms)
			LogAssemblyErrors (0ms)
			InitializePlatformSupportModulesInManaged (60ms)
			SetLoadedEditorAssemblies (31ms)
			RefreshPlugins (0ms)
			BeforeProcessingInitializeOnLoad (570ms)
			ProcessInitializeOnLoadAttributes (4686ms)
			ProcessInitializeOnLoadMethodAttributes (428ms)
			AfterProcessingInitializeOnLoad (148ms)
			EditorAssembliesLoaded (3ms)
		ExecutionOrderSort2 (0ms)
		AwakeInstancesAfterBackupRestoration (52ms)
Launched and connected shader compiler UnityShaderCompiler.exe after 0.25 seconds
Refreshing native plugins compatible for Editor in 9.93 ms, found 4 plugins.
Preloading 0 native plugins for Editor in 0.00 ms.
Unloading 4036 Unused Serialized files (Serialized files now loaded: 0)
Unloading 64 unused Assets / (61.1 KB). Loaded Objects now: 4499.
Memory consumption went from 145.1 MB to 145.1 MB.
Total: 16.995400 ms (FindLiveObjects: 0.844800 ms CreateObjectMapping: 0.894400 ms MarkObjects: 11.913700 ms  DeleteObjects: 3.341100 ms)

AssetImportParameters requested are different than current active one (requested -> active):
  custom:container-demuxer-ogg: 62fdf1f143b41e24485cea50d1cbac27 -> 
  custom:video-decoder-ogg-theora: a1e56fd34408186e4bbccfd4996cb3dc -> 
  custom:framework-win-MediaFoundation: 216162199b28c13a410421893ffa2e32 -> 
  custom:CustomObjectIndexerAttribute: 6d391050e5a25f67b0a2c618074f2cd9 -> 
  custom:container-demuxer-webm: 4f35f7cbe854078d1ac9338744f61a02 -> 
  custom:container-muxer-webm: aa71ff27fc2769a1b78a27578f13a17b -> 
  custom:video-decoder-webm-vp8: 9c59270c3fd7afecdb556c50c9e8de78 -> 
  custom:SearchIndexIgnoredProperties: e643bd26f0fe6173181afceb89e7c659 -> 
  custom:AudioImporter_EditorPlatform: d09bf68614088b80899f8185d706f6e7 -> 
  custom:video-encoder-webm-vp8: eb34c28f22e8b96e1ab97ce403110664 -> 
  custom:audio-decoder-ogg-vorbis: bf7c407c2cedff20999df2af8eb42d56 -> 
  custom:audio-encoder-webm-vorbis: bf7c407c2cedff20999df2af8eb42d56 -> 
========================================================================
Received Import Request.
  Time since last request: 329570.116040 seconds.
  path: Assets/Sprites/Foozle_2DS0012_Void_EnemyFleet_1/Kla'ed/Engine/Aseprite/Kla'ed - Bomber - Engine.aseprite
  artifactKey: Guid(81102d68067fd184a9d756e9a2a3f743) Importer(815301076,1909f56bfc062723c751e8b465ee728b)
Start importing Assets/Sprites/Foozle_2DS0012_Void_EnemyFleet_1/Kla'ed/Engine/Aseprite/Kla'ed - Bomber - Engine.aseprite using Guid(81102d68067fd184a9d756e9a2a3f743) Importer(815301076,1909f56bfc062723c751e8b465ee728b)  -> (artifact id: '5ff3b137eb573ddb2e6766fc45e56a0f') in 1.828820 seconds
Number of updated asset objects reloaded before import = 0
Number of asset objects unloaded after import = 21
========================================================================
Received Import Request.
  Time since last request: 0.000048 seconds.
  path: Assets/Sprites/Foozle_2DS0012_Void_EnemyFleet_1/Kla'ed/Engine/Aseprite/Kla'ed - Fighter - Engine.aseprite
  artifactKey: Guid(a5bac0866b9d15a4fad40ccf9797b013) Importer(815301076,1909f56bfc062723c751e8b465ee728b)
Start importing Assets/Sprites/Foozle_2DS0012_Void_EnemyFleet_1/Kla'ed/Engine/Aseprite/Kla'ed - Fighter - Engine.aseprite using Guid(a5bac0866b9d15a4fad40ccf9797b013) Importer(815301076,1909f56bfc062723c751e8b465ee728b)  -> (artifact id: '1167c8fbb7c82e1716103a9936dd022f') in 0.845655 seconds
Number of updated asset objects reloaded before import = 0
Number of asset objects unloaded after import = 21
========================================================================
Received Import Request.
  Time since last request: 0.004947 seconds.
  path: Assets/Sprites/Foozle_2DS0012_Void_EnemyFleet_1/Kla'ed/Engine/Aseprite/Kla'ed - Support ship - Engine.aseprite
  artifactKey: Guid(5b29f30c0c18818478fb84e1d93436b0) Importer(815301076,1909f56bfc062723c751e8b465ee728b)
Start importing Assets/Sprites/Foozle_2DS0012_Void_EnemyFleet_1/Kla'ed/Engine/Aseprite/Kla'ed - Support ship - Engine.aseprite using Guid(5b29f30c0c18818478fb84e1d93436b0) Importer(815301076,1909f56bfc062723c751e8b465ee728b)  -> (artifact id: 'fa2c9554cad0bbf4292dbfd05f2d5e05') in 1.210248 seconds
Number of updated asset objects reloaded before import = 0
Number of asset objects unloaded after import = 21
========================================================================
Received Import Request.
  Time since last request: 23.485737 seconds.
  path: Assets/Sprites/Foozle_2DS0013_Void_EnemyFleet_2/Nairan/Engine Effects/Aseprite/Nairan - Dreadnought - Engine.aseprite
  artifactKey: Guid(55da4a3b9139b5f4080802fc1d97bb05) Importer(815301076,1909f56bfc062723c751e8b465ee728b)
Start importing Assets/Sprites/Foozle_2DS0013_Void_EnemyFleet_2/Nairan/Engine Effects/Aseprite/Nairan - Dreadnought - Engine.aseprite using Guid(55da4a3b9139b5f4080802fc1d97bb05) Importer(815301076,1909f56bfc062723c751e8b465ee728b)  -> (artifact id: 'def6406c567b5340da9533efa2132e94') in 0.291483 seconds
Number of updated asset objects reloaded before import = 0
Number of asset objects unloaded after import = 19
========================================================================
Received Import Request.
  Time since last request: 0.000033 seconds.
  path: Assets/Sprites/Foozle_2DS0013_Void_EnemyFleet_2/Nairan/Engine Effects/Aseprite/Nairan - Support Ship - Engine.aseprite
  artifactKey: Guid(af7eb622700acdf448c70983af88ddb9) Importer(815301076,1909f56bfc062723c751e8b465ee728b)
Start importing Assets/Sprites/Foozle_2DS0013_Void_EnemyFleet_2/Nairan/Engine Effects/Aseprite/Nairan - Support Ship - Engine.aseprite using Guid(af7eb622700acdf448c70983af88ddb9) Importer(815301076,1909f56bfc062723c751e8b465ee728b)  -> (artifact id: 'e47cf1dc08024919b4459fb0ba499b21') in 0.308078 seconds
Number of updated asset objects reloaded before import = 0
Number of asset objects unloaded after import = 19
========================================================================
Received Import Request.
  Time since last request: 0.000032 seconds.
  path: Assets/Sprites/Foozle_2DS0013_Void_EnemyFleet_2/Nairan/Engine Effects/Aseprite/Nairan - Frigate - Engine.aseprite
  artifactKey: Guid(a71d064b44a3f4c4d96d1380a8b60d67) Importer(815301076,1909f56bfc062723c751e8b465ee728b)
Start importing Assets/Sprites/Foozle_2DS0013_Void_EnemyFleet_2/Nairan/Engine Effects/Aseprite/Nairan - Frigate - Engine.aseprite using Guid(a71d064b44a3f4c4d96d1380a8b60d67) Importer(815301076,1909f56bfc062723c751e8b465ee728b)  -> (artifact id: 'd249dc2dd30af107309cb15015882b30') in 0.194259 seconds
Number of updated asset objects reloaded before import = 0
Number of asset objects unloaded after import = 19
========================================================================
Received Import Request.
  Time since last request: 16.852749 seconds.
  path: Assets/Sprites/Foozle_2DS0014_Void_EnemyFleet_3/Nautolan/Engine Effects/Aseprite/Nautolan Ship - Dreadnought - Engine Effect.aseprite
  artifactKey: Guid(bdd10e9be31cc3f4ea09e73db377c403) Importer(815301076,1909f56bfc062723c751e8b465ee728b)
Start importing Assets/Sprites/Foozle_2DS0014_Void_EnemyFleet_3/Nautolan/Engine Effects/Aseprite/Nautolan Ship - Dreadnought - Engine Effect.aseprite using Guid(bdd10e9be31cc3f4ea09e73db377c403) Importer(815301076,1909f56bfc062723c751e8b465ee728b)  -> (artifact id: 'ea23799d9b00ec8d3db6a8258f55ea39') in 0.296946 seconds
Number of updated asset objects reloaded before import = 0
Number of asset objects unloaded after import = 19
========================================================================
Received Import Request.
  Time since last request: 0.000197 seconds.
  path: Assets/Sprites/Foozle_2DS0014_Void_EnemyFleet_3/Nautolan/Engine Effects/Aseprite/Nautolan Ship - Scout - Engine Effect.aseprite
  artifactKey: Guid(bcc6b5a0efe990d4b8066b21d467c371) Importer(815301076,1909f56bfc062723c751e8b465ee728b)
Start importing Assets/Sprites/Foozle_2DS0014_Void_EnemyFleet_3/Nautolan/Engine Effects/Aseprite/Nautolan Ship - Scout - Engine Effect.aseprite using Guid(bcc6b5a0efe990d4b8066b21d467c371) Importer(815301076,1909f56bfc062723c751e8b465ee728b)  -> (artifact id: '61d6ef77170fc35d4bc1512d617d1e5c') in 0.170192 seconds
Number of updated asset objects reloaded before import = 0
Number of asset objects unloaded after import = 19
========================================================================
Received Import Request.
  Time since last request: 0.000030 seconds.
  path: Assets/Sprites/Foozle_2DS0014_Void_EnemyFleet_3/Nautolan/Engine Effects/Aseprite
  artifactKey: Guid(be26dd24cc0dd54469d57c5cd340934e) Importer(815301076,1909f56bfc062723c751e8b465ee728b)
Start importing Assets/Sprites/Foozle_2DS0014_Void_EnemyFleet_3/Nautolan/Engine Effects/Aseprite using Guid(be26dd24cc0dd54469d57c5cd340934e) Importer(815301076,1909f56bfc062723c751e8b465ee728b)  -> (artifact id: 'fd562e17e76cbad48caf182e7a2a4d05') in 0.001134 seconds
Number of updated asset objects reloaded before import = 0
Number of asset objects unloaded after import = 0
Editor requested this worker to shutdown with reason: Scaling down because of idle timeout
TcpMessagingSession - receive error: operation aborted. errorcode: 995, details: Der E/A-Vorgang wurde wegen eines Threadendes oder einer Anwendungsanforderung abgebrochen.
AssetImportWorker is now disconnected from the server
Process exiting
Exiting without the bug reporter. Application will terminate with return code 0